
*** Running vivado
    with args -log pong.vds -m64 -product Vivado -mode batch -messageDb vivado.pb -notrace -source pong.tcl


ECHO is off.
ECHO is off.

****** Vivado v2023.2 (64-bit)
  **** SW Build 4029153 on Fri Oct 13 20:14:34 MDT 2023
  **** IP Build 4028589 on Sat Oct 14 00:45:43 MDT 2023
  **** SharedData Build 4025554 on Tue Oct 10 17:18:54 MDT 2023
    ** Copyright 1986-2022 Xilinx, Inc. All Rights Reserved.
    ** Copyright 2022-2023 Advanced Micro Devices, Inc. All Rights Reserved.

source pong.tcl -notrace
create_project: Time (s): cpu = 00:00:04 ; elapsed = 00:00:06 . Memory (MB): peak = 456.293 ; gain = 186.227
Command: read_checkpoint -auto_incremental -incremental {C:/Users/jchen/Desktop/CPE 487/ATARI_BREAKME/ATARI_BREAKME.srcs/utils_1/imports/synth_1/pong.dcp}
INFO: [Vivado 12-5825] Read reference checkpoint from C:/Users/jchen/Desktop/CPE 487/ATARI_BREAKME/ATARI_BREAKME.srcs/utils_1/imports/synth_1/pong.dcp for incremental synthesis
INFO: [Vivado 12-7989] Please ensure there are no constraint changes
Command: synth_design -top pong -part xc7a100tcsg324-1
Starting synth_design
Attempting to get a license for feature 'Synthesis' and/or device 'xc7a100t'
INFO: [Common 17-349] Got license for feature 'Synthesis' and/or device 'xc7a100t'
INFO: [Device 21-403] Loading part xc7a100tcsg324-1
INFO: [Designutils 20-5440] No compile time benefit to using incremental synthesis; A full resynthesis will be run
INFO: [Designutils 20-4379] Flow is switching to default flow due to incremental criteria not met. If you would like to alter this behaviour and have the flow terminate instead, please set the following parameter config_implementation {autoIncr.Synth.RejectBehavior Terminate}
INFO: [Synth 8-7079] Multithreading enabled for synth_design using a maximum of 2 processes.
INFO: [Synth 8-7078] Launching helper process for spawning children vivado processes
INFO: [Synth 8-7075] Helper process launched with PID 24888
---------------------------------------------------------------------------------
Starting RTL Elaboration : Time (s): cpu = 00:00:06 ; elapsed = 00:00:09 . Memory (MB): peak = 1308.992 ; gain = 441.047
---------------------------------------------------------------------------------
WARNING: [Synth 8-9112] actual for formal port 'red_in' is neither a static name nor a globally static expression [C:/Users/jchen/Desktop/CPE 487/ATARI_BREAKME/ATARI_BREAKME.srcs/sources_1/new/pong.vhd:114]
WARNING: [Synth 8-9112] actual for formal port 'green_in' is neither a static name nor a globally static expression [C:/Users/jchen/Desktop/CPE 487/ATARI_BREAKME/ATARI_BREAKME.srcs/sources_1/new/pong.vhd:115]
WARNING: [Synth 8-9112] actual for formal port 'blue_in' is neither a static name nor a globally static expression [C:/Users/jchen/Desktop/CPE 487/ATARI_BREAKME/ATARI_BREAKME.srcs/sources_1/new/pong.vhd:116]
INFO: [Synth 8-638] synthesizing module 'pong' [C:/Users/jchen/Desktop/CPE 487/ATARI_BREAKME/ATARI_BREAKME.srcs/sources_1/new/pong.vhd:22]
INFO: [Synth 8-3491] module 'bat_n_ball' declared at 'C:/Users/jchen/Desktop/CPE 487/ATARI_BREAKME/ATARI_BREAKME.srcs/sources_1/new/bat_n_ball.vhd:6' bound to instance 'add_bb' of component 'bat_n_ball' [C:/Users/jchen/Desktop/CPE 487/ATARI_BREAKME/ATARI_BREAKME.srcs/sources_1/new/pong.vhd:99]
INFO: [Synth 8-638] synthesizing module 'bat_n_ball' [C:/Users/jchen/Desktop/CPE 487/ATARI_BREAKME/ATARI_BREAKME.srcs/sources_1/new/bat_n_ball.vhd:19]
WARNING: [Synth 8-614] signal 'game_on' is read in the process but is not in the sensitivity list [C:/Users/jchen/Desktop/CPE 487/ATARI_BREAKME/ATARI_BREAKME.srcs/sources_1/new/bat_n_ball.vhd:41]
INFO: [Synth 8-256] done synthesizing module 'bat_n_ball' (0#1) [C:/Users/jchen/Desktop/CPE 487/ATARI_BREAKME/ATARI_BREAKME.srcs/sources_1/new/bat_n_ball.vhd:19]
INFO: [Synth 8-3491] module 'vga_sync' declared at 'C:/Users/jchen/Desktop/CPE 487/ATARI_BREAKME/ATARI_BREAKME.srcs/sources_1/new/vga_sync.vhd:5' bound to instance 'vga_driver' of component 'vga_sync' [C:/Users/jchen/Desktop/CPE 487/ATARI_BREAKME/ATARI_BREAKME.srcs/sources_1/new/pong.vhd:111]
INFO: [Synth 8-638] synthesizing module 'vga_sync' [C:/Users/jchen/Desktop/CPE 487/ATARI_BREAKME/ATARI_BREAKME.srcs/sources_1/new/vga_sync.vhd:21]
INFO: [Synth 8-256] done synthesizing module 'vga_sync' (0#1) [C:/Users/jchen/Desktop/CPE 487/ATARI_BREAKME/ATARI_BREAKME.srcs/sources_1/new/vga_sync.vhd:21]
INFO: [Synth 8-3491] module 'clk_wiz_0' declared at 'C:/Users/jchen/Desktop/CPE 487/ATARI_BREAKME/ATARI_BREAKME.srcs/sources_1/new/clk_wiz_0.vhd:74' bound to instance 'clk_wiz_0_inst' of component 'clk_wiz_0' [C:/Users/jchen/Desktop/CPE 487/ATARI_BREAKME/ATARI_BREAKME.srcs/sources_1/new/pong.vhd:127]
INFO: [Synth 8-638] synthesizing module 'clk_wiz_0' [C:/Users/jchen/Desktop/CPE 487/ATARI_BREAKME/ATARI_BREAKME.srcs/sources_1/new/clk_wiz_0.vhd:83]
INFO: [Synth 8-3491] module 'clk_wiz_0_clk_wiz' declared at 'C:/Users/jchen/Desktop/CPE 487/ATARI_BREAKME/ATARI_BREAKME.srcs/sources_1/new/clk_wiz_0_clk_wiz.vhd:63' bound to instance 'U0' of component 'clk_wiz_0_clk_wiz' [C:/Users/jchen/Desktop/CPE 487/ATARI_BREAKME/ATARI_BREAKME.srcs/sources_1/new/clk_wiz_0.vhd:98]
INFO: [Synth 8-638] synthesizing module 'clk_wiz_0_clk_wiz' [C:/Users/jchen/Desktop/CPE 487/ATARI_BREAKME/ATARI_BREAKME.srcs/sources_1/new/clk_wiz_0_clk_wiz.vhd:72]
	Parameter BANDWIDTH bound to: OPTIMIZED - type: string 
	Parameter CLKFBOUT_MULT_F bound to: 10.125000 - type: double 
	Parameter CLKFBOUT_PHASE bound to: 0.000000 - type: double 
	Parameter CLKFBOUT_USE_FINE_PS bound to: 0 - type: bool 
	Parameter CLKIN1_PERIOD bound to: 10.000000 - type: double 
	Parameter CLKOUT0_DIVIDE_F bound to: 25.250000 - type: double 
	Parameter CLKOUT0_DUTY_CYCLE bound to: 0.500000 - type: double 
	Parameter CLKOUT0_PHASE bound to: 0.000000 - type: double 
	Parameter CLKOUT0_USE_FINE_PS bound to: 0 - type: bool 
	Parameter CLKOUT4_CASCADE bound to: 0 - type: bool 
	Parameter COMPENSATION bound to: ZHOLD - type: string 
	Parameter DIVCLK_DIVIDE bound to: 1 - type: integer 
	Parameter REF_JITTER1 bound to: 0.010000 - type: double 
	Parameter STARTUP_WAIT bound to: 0 - type: bool 
INFO: [Synth 8-113] binding component instance 'mmcm_adv_inst' to cell 'MMCME2_ADV' [C:/Users/jchen/Desktop/CPE 487/ATARI_BREAKME/ATARI_BREAKME.srcs/sources_1/new/clk_wiz_0_clk_wiz.vhd:114]
INFO: [Synth 8-113] binding component instance 'clkf_buf' to cell 'BUFG' [C:/Users/jchen/Desktop/CPE 487/ATARI_BREAKME/ATARI_BREAKME.srcs/sources_1/new/clk_wiz_0_clk_wiz.vhd:176]
INFO: [Synth 8-113] binding component instance 'clkout1_buf' to cell 'BUFG' [C:/Users/jchen/Desktop/CPE 487/ATARI_BREAKME/ATARI_BREAKME.srcs/sources_1/new/clk_wiz_0_clk_wiz.vhd:183]
INFO: [Synth 8-256] done synthesizing module 'clk_wiz_0_clk_wiz' (0#1) [C:/Users/jchen/Desktop/CPE 487/ATARI_BREAKME/ATARI_BREAKME.srcs/sources_1/new/clk_wiz_0_clk_wiz.vhd:72]
INFO: [Synth 8-256] done synthesizing module 'clk_wiz_0' (0#1) [C:/Users/jchen/Desktop/CPE 487/ATARI_BREAKME/ATARI_BREAKME.srcs/sources_1/new/clk_wiz_0.vhd:83]
INFO: [Synth 8-3491] module 'leddec16' declared at 'C:/Users/jchen/Desktop/CPE 487/ATARI_BREAKME/ATARI_BREAKME.srcs/sources_1/new/leddec16.vhd:4' bound to instance 'led1' of component 'leddec16' [C:/Users/jchen/Desktop/CPE 487/ATARI_BREAKME/ATARI_BREAKME.srcs/sources_1/new/pong.vhd:132]
INFO: [Synth 8-638] synthesizing module 'leddec16' [C:/Users/jchen/Desktop/CPE 487/ATARI_BREAKME/ATARI_BREAKME.srcs/sources_1/new/leddec16.vhd:12]
INFO: [Synth 8-256] done synthesizing module 'leddec16' (0#1) [C:/Users/jchen/Desktop/CPE 487/ATARI_BREAKME/ATARI_BREAKME.srcs/sources_1/new/leddec16.vhd:12]
INFO: [Synth 8-3491] module 'level' declared at 'C:/Users/jchen/Desktop/CPE 487/ATARI_BREAKME/ATARI_BREAKME.srcs/sources_1/new/level.vhd:36' bound to instance 'level1' of component 'level' [C:/Users/jchen/Desktop/CPE 487/ATARI_BREAKME/ATARI_BREAKME.srcs/sources_1/new/pong.vhd:137]
INFO: [Synth 8-638] synthesizing module 'level' [C:/Users/jchen/Desktop/CPE 487/ATARI_BREAKME/ATARI_BREAKME.srcs/sources_1/new/level.vhd:48]
INFO: [Synth 8-3491] module 'brick' declared at 'C:/Users/jchen/Desktop/CPE 487/ATARI_BREAKME/ATARI_BREAKME.srcs/sources_1/new/brick.vhd:36' bound to instance 'brick1' of component 'brick' [C:/Users/jchen/Desktop/CPE 487/ATARI_BREAKME/ATARI_BREAKME.srcs/sources_1/new/level.vhd:66]
INFO: [Synth 8-638] synthesizing module 'brick' [C:/Users/jchen/Desktop/CPE 487/ATARI_BREAKME/ATARI_BREAKME.srcs/sources_1/new/brick.vhd:52]
WARNING: [Synth 8-614] signal 'brick_w' is read in the process but is not in the sensitivity list [C:/Users/jchen/Desktop/CPE 487/ATARI_BREAKME/ATARI_BREAKME.srcs/sources_1/new/brick.vhd:62]
WARNING: [Synth 8-614] signal 'brick_h' is read in the process but is not in the sensitivity list [C:/Users/jchen/Desktop/CPE 487/ATARI_BREAKME/ATARI_BREAKME.srcs/sources_1/new/brick.vhd:62]
INFO: [Synth 8-256] done synthesizing module 'brick' (0#1) [C:/Users/jchen/Desktop/CPE 487/ATARI_BREAKME/ATARI_BREAKME.srcs/sources_1/new/brick.vhd:52]
INFO: [Synth 8-256] done synthesizing module 'level' (0#1) [C:/Users/jchen/Desktop/CPE 487/ATARI_BREAKME/ATARI_BREAKME.srcs/sources_1/new/level.vhd:48]
INFO: [Synth 8-256] done synthesizing module 'pong' (0#1) [C:/Users/jchen/Desktop/CPE 487/ATARI_BREAKME/ATARI_BREAKME.srcs/sources_1/new/pong.vhd:22]
WARNING: [Synth 8-3848] Net brick_alive in module/entity brick does not have driver. [C:/Users/jchen/Desktop/CPE 487/ATARI_BREAKME/ATARI_BREAKME.srcs/sources_1/new/brick.vhd:43]
WARNING: [Synth 8-3848] Net display in module/entity pong does not have driver. [C:/Users/jchen/Desktop/CPE 487/ATARI_BREAKME/ATARI_BREAKME.srcs/sources_1/new/pong.vhd:30]
WARNING: [Synth 8-7129] Port brick_alive in module brick is either unconnected or has no load
WARNING: [Synth 8-7129] Port power_up in module brick is either unconnected or has no load
WARNING: [Synth 8-7129] Port lvl_cnt[5] in module level is either unconnected or has no load
WARNING: [Synth 8-7129] Port lvl_cnt[4] in module level is either unconnected or has no load
WARNING: [Synth 8-7129] Port lvl_cnt[3] in module level is either unconnected or has no load
WARNING: [Synth 8-7129] Port lvl_cnt[2] in module level is either unconnected or has no load
WARNING: [Synth 8-7129] Port lvl_cnt[1] in module level is either unconnected or has no load
WARNING: [Synth 8-7129] Port lvl_cnt[0] in module level is either unconnected or has no load
WARNING: [Synth 8-7129] Port win in module level is either unconnected or has no load
---------------------------------------------------------------------------------
Finished RTL Elaboration : Time (s): cpu = 00:00:07 ; elapsed = 00:00:12 . Memory (MB): peak = 1418.379 ; gain = 550.434
---------------------------------------------------------------------------------
---------------------------------------------------------------------------------
Start Handling Custom Attributes
---------------------------------------------------------------------------------
---------------------------------------------------------------------------------
Finished Handling Custom Attributes : Time (s): cpu = 00:00:07 ; elapsed = 00:00:12 . Memory (MB): peak = 1418.379 ; gain = 550.434
---------------------------------------------------------------------------------
---------------------------------------------------------------------------------
Finished RTL Optimization Phase 1 : Time (s): cpu = 00:00:07 ; elapsed = 00:00:12 . Memory (MB): peak = 1418.379 ; gain = 550.434
---------------------------------------------------------------------------------
Netlist sorting complete. Time (s): cpu = 00:00:00 ; elapsed = 00:00:00.007 . Memory (MB): peak = 1418.379 ; gain = 0.000
INFO: [Netlist 29-17] Analyzing 1 Unisim elements for replacement
INFO: [Netlist 29-28] Unisim Transformation completed in 0 CPU seconds
INFO: [Project 1-570] Preparing netlist for logic optimization

Processing XDC Constraints
Initializing timing engine
Parsing XDC File [C:/Users/jchen/Desktop/CPE 487/ATARI_BREAKME/ATARI_BREAKME.srcs/constrs_1/new/pong.xdc]
Finished Parsing XDC File [C:/Users/jchen/Desktop/CPE 487/ATARI_BREAKME/ATARI_BREAKME.srcs/constrs_1/new/pong.xdc]
INFO: [Project 1-236] Implementation specific constraints were found while reading constraint file [C:/Users/jchen/Desktop/CPE 487/ATARI_BREAKME/ATARI_BREAKME.srcs/constrs_1/new/pong.xdc]. These constraints will be ignored for synthesis but will be used in implementation. Impacted constraints are listed in the file [.Xil/pong_propImpl.xdc].
Resolution: To avoid this warning, move constraints listed in [.Xil/pong_propImpl.xdc] to another XDC file and exclude this new file from synthesis with the used_in_synthesis property (File Properties dialog in GUI) and re-run elaboration/synthesis.
INFO: [Timing 38-2] Deriving generated clocks
Completed Processing XDC Constraints

Netlist sorting complete. Time (s): cpu = 00:00:00 ; elapsed = 00:00:00 . Memory (MB): peak = 1517.918 ; gain = 0.000
INFO: [Project 1-111] Unisim Transformation Summary:
No Unisim elements were transformed.

Access is denied.
Constraint Validation Runtime : Time (s): cpu = 00:00:00 ; elapsed = 00:00:00.004 . Memory (MB): peak = 1517.918 ; gain = 0.000
INFO: [Designutils 20-5440] No compile time benefit to using incremental synthesis; A full resynthesis will be run
INFO: [Designutils 20-4379] Flow is switching to default flow due to incremental criteria not met. If you would like to alter this behaviour and have the flow terminate instead, please set the following parameter config_implementation {autoIncr.Synth.RejectBehavior Terminate}
---------------------------------------------------------------------------------
Finished Constraint Validation : Time (s): cpu = 00:00:14 ; elapsed = 00:00:21 . Memory (MB): peak = 1517.918 ; gain = 649.973
---------------------------------------------------------------------------------
---------------------------------------------------------------------------------
Start Loading Part and Timing Information
---------------------------------------------------------------------------------
Loading part: xc7a100tcsg324-1
---------------------------------------------------------------------------------
Finished Loading Part and Timing Information : Time (s): cpu = 00:00:14 ; elapsed = 00:00:21 . Memory (MB): peak = 1517.918 ; gain = 649.973
---------------------------------------------------------------------------------
---------------------------------------------------------------------------------
Start Applying 'set_property' XDC Constraints
---------------------------------------------------------------------------------
---------------------------------------------------------------------------------
Finished applying 'set_property' XDC Constraints : Time (s): cpu = 00:00:14 ; elapsed = 00:00:21 . Memory (MB): peak = 1517.918 ; gain = 649.973
---------------------------------------------------------------------------------
---------------------------------------------------------------------------------
Finished RTL Optimization Phase 2 : Time (s): cpu = 00:00:14 ; elapsed = 00:00:22 . Memory (MB): peak = 1517.918 ; gain = 649.973
---------------------------------------------------------------------------------
---------------------------------------------------------------------------------
Start RTL Component Statistics 
---------------------------------------------------------------------------------
Detailed RTL Component Info : 
+---Adders : 
	   2 Input   12 Bit       Adders := 2     
	   2 Input   11 Bit       Adders := 15    
	   3 Input   11 Bit       Adders := 2     
+---Registers : 
	               11 Bit    Registers := 9     
	                4 Bit    Registers := 3     
	                1 Bit    Registers := 3     
+---Muxes : 
	   2 Input   11 Bit        Muxes := 6     
	   5 Input   11 Bit        Muxes := 1     
	   3 Input   11 Bit        Muxes := 2     
	   2 Input    8 Bit        Muxes := 1     
	   4 Input    8 Bit        Muxes := 1     
	   2 Input    5 Bit        Muxes := 1     
	   2 Input    4 Bit        Muxes := 4     
	   4 Input    4 Bit        Muxes := 1     
	   2 Input    2 Bit        Muxes := 1     
	   2 Input    1 Bit        Muxes := 1     
---------------------------------------------------------------------------------
Finished RTL Component Statistics 
---------------------------------------------------------------------------------
---------------------------------------------------------------------------------
Start Part Resource Summary
---------------------------------------------------------------------------------
Part Resources:
DSPs: 240 (col length:80)
BRAMs: 270 (col length: RAMB18 80 RAMB36 40)
---------------------------------------------------------------------------------
Finished Part Resource Summary
---------------------------------------------------------------------------------
---------------------------------------------------------------------------------
Start Cross Boundary and Area Optimization
---------------------------------------------------------------------------------
WARNING: [Synth 8-7080] Parallel synthesis criteria is not met
DSP Report: Generating DSP add_bb/multOp, operation Mode is: A*B.
DSP Report: operator add_bb/multOp is absorbed into DSP add_bb/multOp.
DSP Report: Generating DSP add_bb/plusOp, operation Mode is: PCIN+A*B.
DSP Report: operator add_bb/plusOp is absorbed into DSP add_bb/plusOp.
DSP Report: operator add_bb/multOp is absorbed into DSP add_bb/plusOp.
WARNING: [Synth 8-3917] design pong has port SEG7_anode[7] driven by constant 1
WARNING: [Synth 8-3917] design pong has port SEG7_anode[6] driven by constant 1
WARNING: [Synth 8-3917] design pong has port SEG7_anode[5] driven by constant 1
WARNING: [Synth 8-3917] design pong has port SEG7_anode[4] driven by constant 1
---------------------------------------------------------------------------------
Finished Cross Boundary and Area Optimization : Time (s): cpu = 00:00:16 ; elapsed = 00:00:25 . Memory (MB): peak = 1517.918 ; gain = 649.973
---------------------------------------------------------------------------------
 Sort Area is  add_bb/multOp_0 : 0 0 : 863 1791 : Used 1 time 0
 Sort Area is  add_bb/multOp_0 : 0 1 : 928 1791 : Used 1 time 0
---------------------------------------------------------------------------------
Start ROM, RAM, DSP, Shift Register and Retiming Reporting
---------------------------------------------------------------------------------

DSP: Preliminary Mapping Report (see note below. The ' indicates corresponding REG is set)
+------------+-------------+--------+--------+--------+--------+--------+------+------+------+------+-------+------+------+
|Module Name | DSP Mapping | A Size | B Size | C Size | D Size | P Size | AREG | BREG | CREG | DREG | ADREG | MREG | PREG | 
+------------+-------------+--------+--------+--------+--------+--------+------+------+------+------+-------+------+------+
|bat_n_ball  | A*B         | 11     | 11     | -      | -      | 22     | 0    | 0    | -    | -    | -     | 0    | 0    | 
|bat_n_ball  | PCIN+A*B    | 11     | 11     | -      | -      | 22     | 0    | 0    | -    | -    | -     | 0    | 0    | 
+------------+-------------+--------+--------+--------+--------+--------+------+------+------+------+-------+------+------+

Note: The table above is a preliminary report that shows the DSPs inferred at the current stage of the synthesis flow. Some DSP may be reimplemented as non DSP primitives later in the synthesis flow. Multiple instantiated DSPs are reported only once.
---------------------------------------------------------------------------------
Finished ROM, RAM, DSP, Shift Register and Retiming Reporting
---------------------------------------------------------------------------------
---------------------------------------------------------------------------------
Start Applying XDC Timing Constraints
---------------------------------------------------------------------------------
---------------------------------------------------------------------------------
Finished Applying XDC Timing Constraints : Time (s): cpu = 00:00:24 ; elapsed = 00:00:33 . Memory (MB): peak = 1517.918 ; gain = 649.973
---------------------------------------------------------------------------------
---------------------------------------------------------------------------------
Start Timing Optimization
---------------------------------------------------------------------------------
---------------------------------------------------------------------------------
Finished Timing Optimization : Time (s): cpu = 00:00:25 ; elapsed = 00:00:34 . Memory (MB): peak = 1517.918 ; gain = 649.973
---------------------------------------------------------------------------------
---------------------------------------------------------------------------------
Start Technology Mapping
---------------------------------------------------------------------------------
---------------------------------------------------------------------------------
Finished Technology Mapping : Time (s): cpu = 00:00:25 ; elapsed = 00:00:34 . Memory (MB): peak = 1517.918 ; gain = 649.973
---------------------------------------------------------------------------------
---------------------------------------------------------------------------------
Start IO Insertion
---------------------------------------------------------------------------------
---------------------------------------------------------------------------------
Start Flattening Before IO Insertion
---------------------------------------------------------------------------------
---------------------------------------------------------------------------------
Finished Flattening Before IO Insertion
---------------------------------------------------------------------------------
---------------------------------------------------------------------------------
Start Final Netlist Cleanup
---------------------------------------------------------------------------------
---------------------------------------------------------------------------------
Finished Final Netlist Cleanup
---------------------------------------------------------------------------------
---------------------------------------------------------------------------------
Finished IO Insertion : Time (s): cpu = 00:00:29 ; elapsed = 00:00:39 . Memory (MB): peak = 1517.918 ; gain = 649.973
---------------------------------------------------------------------------------
---------------------------------------------------------------------------------
Start Renaming Generated Instances
---------------------------------------------------------------------------------
---------------------------------------------------------------------------------
Finished Renaming Generated Instances : Time (s): cpu = 00:00:29 ; elapsed = 00:00:39 . Memory (MB): peak = 1517.918 ; gain = 649.973
---------------------------------------------------------------------------------
---------------------------------------------------------------------------------
Start Rebuilding User Hierarchy
---------------------------------------------------------------------------------
---------------------------------------------------------------------------------
Finished Rebuilding User Hierarchy : Time (s): cpu = 00:00:29 ; elapsed = 00:00:39 . Memory (MB): peak = 1517.918 ; gain = 649.973
---------------------------------------------------------------------------------
---------------------------------------------------------------------------------
Start Renaming Generated Ports
---------------------------------------------------------------------------------
---------------------------------------------------------------------------------
Finished Renaming Generated Ports : Time (s): cpu = 00:00:29 ; elapsed = 00:00:39 . Memory (MB): peak = 1517.918 ; gain = 649.973
---------------------------------------------------------------------------------
---------------------------------------------------------------------------------
Start Handling Custom Attributes
---------------------------------------------------------------------------------
---------------------------------------------------------------------------------
Finished Handling Custom Attributes : Time (s): cpu = 00:00:29 ; elapsed = 00:00:39 . Memory (MB): peak = 1517.918 ; gain = 649.973
---------------------------------------------------------------------------------
---------------------------------------------------------------------------------
Start Renaming Generated Nets
---------------------------------------------------------------------------------
---------------------------------------------------------------------------------
Finished Renaming Generated Nets : Time (s): cpu = 00:00:29 ; elapsed = 00:00:39 . Memory (MB): peak = 1517.918 ; gain = 649.973
---------------------------------------------------------------------------------
---------------------------------------------------------------------------------
Start Writing Synthesis Report
---------------------------------------------------------------------------------

DSP Final Report (the ' indicates corresponding REG is set)
+------------+-------------+--------+--------+--------+--------+--------+------+------+------+------+-------+------+------+
|Module Name | DSP Mapping | A Size | B Size | C Size | D Size | P Size | AREG | BREG | CREG | DREG | ADREG | MREG | PREG | 
+------------+-------------+--------+--------+--------+--------+--------+------+------+------+------+-------+------+------+
|bat_n_ball  | A*B         | 11     | 11     | -      | -      | 22     | 0    | 0    | -    | -    | -     | 0    | 0    | 
|bat_n_ball  | PCIN+A*B    | 11     | 11     | -      | -      | 22     | 0    | 0    | -    | -    | -     | 0    | 0    | 
+------------+-------------+--------+--------+--------+--------+--------+------+------+------+------+-------+------+------+


Report BlackBoxes: 
+-+--------------+----------+
| |BlackBox name |Instances |
+-+--------------+----------+
+-+--------------+----------+

Report Cell Usage: 
+------+-----------+------+
|      |Cell       |Count |
+------+-----------+------+
|1     |BUFG       |     3|
|2     |CARRY4     |    35|
|3     |DSP48E1    |     2|
|4     |LUT1       |     8|
|5     |LUT2       |    78|
|6     |LUT3       |    41|
|7     |LUT4       |    54|
|8     |LUT5       |    27|
|9     |LUT6       |    60|
|10    |MMCME2_ADV |     1|
|11    |FDRE       |   102|
|12    |FDSE       |     5|
|13    |IBUF       |     4|
|14    |OBUF       |    29|
+------+-----------+------+
---------------------------------------------------------------------------------
Finished Writing Synthesis Report : Time (s): cpu = 00:00:29 ; elapsed = 00:00:39 . Memory (MB): peak = 1517.918 ; gain = 649.973
---------------------------------------------------------------------------------
Synthesis finished with 0 errors, 0 critical warnings and 5 warnings.
Synthesis Optimization Runtime : Time (s): cpu = 00:00:20 ; elapsed = 00:00:37 . Memory (MB): peak = 1517.918 ; gain = 550.434
Synthesis Optimization Complete : Time (s): cpu = 00:00:29 ; elapsed = 00:00:40 . Memory (MB): peak = 1517.918 ; gain = 649.973
INFO: [Project 1-571] Translating synthesized netlist
Netlist sorting complete. Time (s): cpu = 00:00:00 ; elapsed = 00:00:00.008 . Memory (MB): peak = 1517.918 ; gain = 0.000
INFO: [Netlist 29-17] Analyzing 38 Unisim elements for replacement
INFO: [Netlist 29-28] Unisim Transformation completed in 0 CPU seconds
INFO: [Project 1-570] Preparing netlist for logic optimization
INFO: [Opt 31-138] Pushed 0 inverter(s) to 0 load pin(s).
Netlist sorting complete. Time (s): cpu = 00:00:00 ; elapsed = 00:00:00 . Memory (MB): peak = 1517.918 ; gain = 0.000
INFO: [Project 1-111] Unisim Transformation Summary:
No Unisim elements were transformed.

Access is denied.
Synth Design complete | Checksum: 46ce0dfb
INFO: [Common 17-83] Releasing license: Synthesis
50 Infos, 22 Warnings, 0 Critical Warnings and 0 Errors encountered.
synth_design completed successfully
synth_design: Time (s): cpu = 00:00:32 ; elapsed = 00:00:50 . Memory (MB): peak = 1517.918 ; gain = 1057.648
Write ShapeDB Complete: Time (s): cpu = 00:00:00 ; elapsed = 00:00:00.002 . Memory (MB): peak = 1517.918 ; gain = 0.000
INFO: [Common 17-1381] The checkpoint 'C:/Users/jchen/Desktop/CPE 487/ATARI_BREAKME/ATARI_BREAKME.runs/synth_1/pong.dcp' has been generated.
INFO: [runtcl-4] Executing : report_utilization -file pong_utilization_synth.rpt -pb pong_utilization_synth.pb
INFO: [Common 17-206] Exiting Vivado at Mon May  6 15:34:45 2024...
