
*** Running vivado
    with args -log pong.vds -m64 -product Vivado -mode batch -messageDb vivado.pb -notrace -source pong.tcl


ECHO is off.
ECHO is off.

****** Vivado v2023.2 (64-bit)
  **** SW Build 4029153 on Fri Oct 13 20:14:34 MDT 2023
  **** IP Build 4028589 on Sat Oct 14 00:45:43 MDT 2023
  **** SharedData Build 4025554 on Tue Oct 10 17:18:54 MDT 2023
    ** Copyright 1986-2022 Xilinx, Inc. All Rights Reserved.
    ** Copyright 2022-2023 Advanced Micro Devices, Inc. All Rights Reserved.

source pong.tcl -notrace
create_project: Time (s): cpu = 00:00:10 ; elapsed = 00:00:18 . Memory (MB): peak = 462.414 ; gain = 183.297
Command: synth_design -top pong -part xc7a100tcsg324-1
Starting synth_design
Attempting to get a license for feature 'Synthesis' and/or device 'xc7a100t'
INFO: [Common 17-349] Got license for feature 'Synthesis' and/or device 'xc7a100t'
INFO: [Device 21-403] Loading part xc7a100tcsg324-1
INFO: [Synth 8-7079] Multithreading enabled for synth_design using a maximum of 2 processes.
INFO: [Synth 8-7078] Launching helper process for spawning children vivado processes
INFO: [Synth 8-7075] Helper process launched with PID 4160
---------------------------------------------------------------------------------
Starting RTL Elaboration : Time (s): cpu = 00:00:06 ; elapsed = 00:00:10 . Memory (MB): peak = 1311.559 ; gain = 439.422
---------------------------------------------------------------------------------
WARNING: [Synth 8-9112] actual for formal port 'red_in' is neither a static name nor a globally static expression [C:/Users/joeys/Atari_Breakout/Atari_Breakout.srcs/sources_1/imports/new/pong.vhd:110]
WARNING: [Synth 8-9112] actual for formal port 'green_in' is neither a static name nor a globally static expression [C:/Users/joeys/Atari_Breakout/Atari_Breakout.srcs/sources_1/imports/new/pong.vhd:111]
WARNING: [Synth 8-9112] actual for formal port 'blue_in' is neither a static name nor a globally static expression [C:/Users/joeys/Atari_Breakout/Atari_Breakout.srcs/sources_1/imports/new/pong.vhd:112]
INFO: [Synth 8-638] synthesizing module 'pong' [C:/Users/joeys/Atari_Breakout/Atari_Breakout.srcs/sources_1/imports/new/pong.vhd:22]
INFO: [Synth 8-3491] module 'bat_n_ball' declared at 'C:/Users/joeys/Atari_Breakout/Atari_Breakout.srcs/sources_1/imports/new/bat_n_ball.vhd:6' bound to instance 'add_bb' of component 'bat_n_ball' [C:/Users/joeys/Atari_Breakout/Atari_Breakout.srcs/sources_1/imports/new/pong.vhd:95]
INFO: [Synth 8-638] synthesizing module 'bat_n_ball' [C:/Users/joeys/Atari_Breakout/Atari_Breakout.srcs/sources_1/imports/new/bat_n_ball.vhd:20]
WARNING: [Synth 8-614] signal 'game_on' is read in the process but is not in the sensitivity list [C:/Users/joeys/Atari_Breakout/Atari_Breakout.srcs/sources_1/imports/new/bat_n_ball.vhd:71]
WARNING: [Synth 8-614] signal 'bat_changer' is read in the process but is not in the sensitivity list [C:/Users/joeys/Atari_Breakout/Atari_Breakout.srcs/sources_1/imports/new/bat_n_ball.vhd:92]
INFO: [Synth 8-3491] module 'level' declared at 'C:/Users/joeys/Atari_Breakout/Atari_Breakout.srcs/sources_1/imports/new/level.vhd:15' bound to instance 'level1' of component 'level' [C:/Users/joeys/Atari_Breakout/Atari_Breakout.srcs/sources_1/imports/new/bat_n_ball.vhd:164]
INFO: [Synth 8-638] synthesizing module 'level' [C:/Users/joeys/Atari_Breakout/Atari_Breakout.srcs/sources_1/imports/new/level.vhd:38]
INFO: [Synth 8-3491] module 'brick' declared at 'C:/Users/joeys/Atari_Breakout/Atari_Breakout.srcs/sources_1/imports/new/brick.vhd:6' bound to instance 'brick1' of component 'brick' [C:/Users/joeys/Atari_Breakout/Atari_Breakout.srcs/sources_1/imports/new/level.vhd:78]
INFO: [Synth 8-638] synthesizing module 'brick' [C:/Users/joeys/Atari_Breakout/Atari_Breakout.srcs/sources_1/imports/new/brick.vhd:32]
WARNING: [Synth 8-614] signal 'brick_w' is read in the process but is not in the sensitivity list [C:/Users/joeys/Atari_Breakout/Atari_Breakout.srcs/sources_1/imports/new/brick.vhd:64]
WARNING: [Synth 8-614] signal 'brick_h' is read in the process but is not in the sensitivity list [C:/Users/joeys/Atari_Breakout/Atari_Breakout.srcs/sources_1/imports/new/brick.vhd:64]
WARNING: [Synth 8-614] signal 'alive' is read in the process but is not in the sensitivity list [C:/Users/joeys/Atari_Breakout/Atari_Breakout.srcs/sources_1/imports/new/brick.vhd:64]
INFO: [Synth 8-3491] module 'power_up' declared at 'C:/Users/joeys/Atari_Breakout/Atari_Breakout.srcs/sources_1/imports/new/power_up.vhd:6' bound to instance 'power_up1' of component 'power_up' [C:/Users/joeys/Atari_Breakout/Atari_Breakout.srcs/sources_1/imports/new/brick.vhd:138]
INFO: [Synth 8-638] synthesizing module 'power_up' [C:/Users/joeys/Atari_Breakout/Atari_Breakout.srcs/sources_1/imports/new/power_up.vhd:25]
WARNING: [Synth 8-614] signal 'brick_alive' is read in the process but is not in the sensitivity list [C:/Users/joeys/Atari_Breakout/Atari_Breakout.srcs/sources_1/imports/new/power_up.vhd:41]
WARNING: [Synth 8-614] signal 'void' is read in the process but is not in the sensitivity list [C:/Users/joeys/Atari_Breakout/Atari_Breakout.srcs/sources_1/imports/new/power_up.vhd:41]
WARNING: [Synth 8-614] signal 'bsize' is read in the process but is not in the sensitivity list [C:/Users/joeys/Atari_Breakout/Atari_Breakout.srcs/sources_1/imports/new/power_up.vhd:41]
INFO: [Synth 8-256] done synthesizing module 'power_up' (0#1) [C:/Users/joeys/Atari_Breakout/Atari_Breakout.srcs/sources_1/imports/new/power_up.vhd:25]
INFO: [Synth 8-256] done synthesizing module 'brick' (0#1) [C:/Users/joeys/Atari_Breakout/Atari_Breakout.srcs/sources_1/imports/new/brick.vhd:32]
INFO: [Synth 8-3491] module 'brick' declared at 'C:/Users/joeys/Atari_Breakout/Atari_Breakout.srcs/sources_1/imports/new/brick.vhd:6' bound to instance 'brick2' of component 'brick' [C:/Users/joeys/Atari_Breakout/Atari_Breakout.srcs/sources_1/imports/new/level.vhd:100]
INFO: [Synth 8-3491] module 'brick' declared at 'C:/Users/joeys/Atari_Breakout/Atari_Breakout.srcs/sources_1/imports/new/brick.vhd:6' bound to instance 'brick3' of component 'brick' [C:/Users/joeys/Atari_Breakout/Atari_Breakout.srcs/sources_1/imports/new/level.vhd:124]
INFO: [Synth 8-3491] module 'brick' declared at 'C:/Users/joeys/Atari_Breakout/Atari_Breakout.srcs/sources_1/imports/new/brick.vhd:6' bound to instance 'brick4' of component 'brick' [C:/Users/joeys/Atari_Breakout/Atari_Breakout.srcs/sources_1/imports/new/level.vhd:147]
INFO: [Synth 8-3491] module 'brick' declared at 'C:/Users/joeys/Atari_Breakout/Atari_Breakout.srcs/sources_1/imports/new/brick.vhd:6' bound to instance 'brick5' of component 'brick' [C:/Users/joeys/Atari_Breakout/Atari_Breakout.srcs/sources_1/imports/new/level.vhd:171]
INFO: [Synth 8-3491] module 'brick' declared at 'C:/Users/joeys/Atari_Breakout/Atari_Breakout.srcs/sources_1/imports/new/brick.vhd:6' bound to instance 'brick6' of component 'brick' [C:/Users/joeys/Atari_Breakout/Atari_Breakout.srcs/sources_1/imports/new/level.vhd:195]
INFO: [Synth 8-3491] module 'brick' declared at 'C:/Users/joeys/Atari_Breakout/Atari_Breakout.srcs/sources_1/imports/new/brick.vhd:6' bound to instance 'brick7' of component 'brick' [C:/Users/joeys/Atari_Breakout/Atari_Breakout.srcs/sources_1/imports/new/level.vhd:219]
INFO: [Synth 8-3491] module 'brick' declared at 'C:/Users/joeys/Atari_Breakout/Atari_Breakout.srcs/sources_1/imports/new/brick.vhd:6' bound to instance 'brick8' of component 'brick' [C:/Users/joeys/Atari_Breakout/Atari_Breakout.srcs/sources_1/imports/new/level.vhd:243]
INFO: [Synth 8-3491] module 'brick' declared at 'C:/Users/joeys/Atari_Breakout/Atari_Breakout.srcs/sources_1/imports/new/brick.vhd:6' bound to instance 'brick9' of component 'brick' [C:/Users/joeys/Atari_Breakout/Atari_Breakout.srcs/sources_1/imports/new/level.vhd:267]
INFO: [Synth 8-3491] module 'brick' declared at 'C:/Users/joeys/Atari_Breakout/Atari_Breakout.srcs/sources_1/imports/new/brick.vhd:6' bound to instance 'brick10' of component 'brick' [C:/Users/joeys/Atari_Breakout/Atari_Breakout.srcs/sources_1/imports/new/level.vhd:291]
INFO: [Synth 8-3491] module 'brick' declared at 'C:/Users/joeys/Atari_Breakout/Atari_Breakout.srcs/sources_1/imports/new/brick.vhd:6' bound to instance 'brick11' of component 'brick' [C:/Users/joeys/Atari_Breakout/Atari_Breakout.srcs/sources_1/imports/new/level.vhd:315]
INFO: [Synth 8-3491] module 'brick' declared at 'C:/Users/joeys/Atari_Breakout/Atari_Breakout.srcs/sources_1/imports/new/brick.vhd:6' bound to instance 'brick12' of component 'brick' [C:/Users/joeys/Atari_Breakout/Atari_Breakout.srcs/sources_1/imports/new/level.vhd:338]
INFO: [Synth 8-3491] module 'brick' declared at 'C:/Users/joeys/Atari_Breakout/Atari_Breakout.srcs/sources_1/imports/new/brick.vhd:6' bound to instance 'brick13' of component 'brick' [C:/Users/joeys/Atari_Breakout/Atari_Breakout.srcs/sources_1/imports/new/level.vhd:362]
INFO: [Synth 8-3491] module 'brick' declared at 'C:/Users/joeys/Atari_Breakout/Atari_Breakout.srcs/sources_1/imports/new/brick.vhd:6' bound to instance 'brick14' of component 'brick' [C:/Users/joeys/Atari_Breakout/Atari_Breakout.srcs/sources_1/imports/new/level.vhd:385]
INFO: [Synth 8-3491] module 'brick' declared at 'C:/Users/joeys/Atari_Breakout/Atari_Breakout.srcs/sources_1/imports/new/brick.vhd:6' bound to instance 'brick15' of component 'brick' [C:/Users/joeys/Atari_Breakout/Atari_Breakout.srcs/sources_1/imports/new/level.vhd:409]
INFO: [Synth 8-3491] module 'brick' declared at 'C:/Users/joeys/Atari_Breakout/Atari_Breakout.srcs/sources_1/imports/new/brick.vhd:6' bound to instance 'brick16' of component 'brick' [C:/Users/joeys/Atari_Breakout/Atari_Breakout.srcs/sources_1/imports/new/level.vhd:433]
INFO: [Synth 8-3491] module 'brick' declared at 'C:/Users/joeys/Atari_Breakout/Atari_Breakout.srcs/sources_1/imports/new/brick.vhd:6' bound to instance 'brick17' of component 'brick' [C:/Users/joeys/Atari_Breakout/Atari_Breakout.srcs/sources_1/imports/new/level.vhd:457]
INFO: [Synth 8-3491] module 'brick' declared at 'C:/Users/joeys/Atari_Breakout/Atari_Breakout.srcs/sources_1/imports/new/brick.vhd:6' bound to instance 'brick18' of component 'brick' [C:/Users/joeys/Atari_Breakout/Atari_Breakout.srcs/sources_1/imports/new/level.vhd:481]
INFO: [Synth 8-3491] module 'brick' declared at 'C:/Users/joeys/Atari_Breakout/Atari_Breakout.srcs/sources_1/imports/new/brick.vhd:6' bound to instance 'brick19' of component 'brick' [C:/Users/joeys/Atari_Breakout/Atari_Breakout.srcs/sources_1/imports/new/level.vhd:505]
INFO: [Synth 8-3491] module 'brick' declared at 'C:/Users/joeys/Atari_Breakout/Atari_Breakout.srcs/sources_1/imports/new/brick.vhd:6' bound to instance 'brick20' of component 'brick' [C:/Users/joeys/Atari_Breakout/Atari_Breakout.srcs/sources_1/imports/new/level.vhd:529]
INFO: [Synth 8-3491] module 'brick' declared at 'C:/Users/joeys/Atari_Breakout/Atari_Breakout.srcs/sources_1/imports/new/brick.vhd:6' bound to instance 'brick21' of component 'brick' [C:/Users/joeys/Atari_Breakout/Atari_Breakout.srcs/sources_1/imports/new/level.vhd:553]
INFO: [Synth 8-3491] module 'brick' declared at 'C:/Users/joeys/Atari_Breakout/Atari_Breakout.srcs/sources_1/imports/new/brick.vhd:6' bound to instance 'brick22' of component 'brick' [C:/Users/joeys/Atari_Breakout/Atari_Breakout.srcs/sources_1/imports/new/level.vhd:576]
INFO: [Synth 8-3491] module 'brick' declared at 'C:/Users/joeys/Atari_Breakout/Atari_Breakout.srcs/sources_1/imports/new/brick.vhd:6' bound to instance 'brick23' of component 'brick' [C:/Users/joeys/Atari_Breakout/Atari_Breakout.srcs/sources_1/imports/new/level.vhd:600]
INFO: [Synth 8-3491] module 'brick' declared at 'C:/Users/joeys/Atari_Breakout/Atari_Breakout.srcs/sources_1/imports/new/brick.vhd:6' bound to instance 'brick24' of component 'brick' [C:/Users/joeys/Atari_Breakout/Atari_Breakout.srcs/sources_1/imports/new/level.vhd:623]
INFO: [Synth 8-3491] module 'brick' declared at 'C:/Users/joeys/Atari_Breakout/Atari_Breakout.srcs/sources_1/imports/new/brick.vhd:6' bound to instance 'brick25' of component 'brick' [C:/Users/joeys/Atari_Breakout/Atari_Breakout.srcs/sources_1/imports/new/level.vhd:647]
INFO: [Synth 8-3491] module 'brick' declared at 'C:/Users/joeys/Atari_Breakout/Atari_Breakout.srcs/sources_1/imports/new/brick.vhd:6' bound to instance 'brick26' of component 'brick' [C:/Users/joeys/Atari_Breakout/Atari_Breakout.srcs/sources_1/imports/new/level.vhd:671]
INFO: [Synth 8-3491] module 'brick' declared at 'C:/Users/joeys/Atari_Breakout/Atari_Breakout.srcs/sources_1/imports/new/brick.vhd:6' bound to instance 'brick27' of component 'brick' [C:/Users/joeys/Atari_Breakout/Atari_Breakout.srcs/sources_1/imports/new/level.vhd:695]
INFO: [Synth 8-3491] module 'brick' declared at 'C:/Users/joeys/Atari_Breakout/Atari_Breakout.srcs/sources_1/imports/new/brick.vhd:6' bound to instance 'brick28' of component 'brick' [C:/Users/joeys/Atari_Breakout/Atari_Breakout.srcs/sources_1/imports/new/level.vhd:719]
INFO: [Synth 8-3491] module 'brick' declared at 'C:/Users/joeys/Atari_Breakout/Atari_Breakout.srcs/sources_1/imports/new/brick.vhd:6' bound to instance 'brick29' of component 'brick' [C:/Users/joeys/Atari_Breakout/Atari_Breakout.srcs/sources_1/imports/new/level.vhd:743]
INFO: [Synth 8-3491] module 'brick' declared at 'C:/Users/joeys/Atari_Breakout/Atari_Breakout.srcs/sources_1/imports/new/brick.vhd:6' bound to instance 'brick30' of component 'brick' [C:/Users/joeys/Atari_Breakout/Atari_Breakout.srcs/sources_1/imports/new/level.vhd:767]
INFO: [Synth 8-3491] module 'brick' declared at 'C:/Users/joeys/Atari_Breakout/Atari_Breakout.srcs/sources_1/imports/new/brick.vhd:6' bound to instance 'brick31' of component 'brick' [C:/Users/joeys/Atari_Breakout/Atari_Breakout.srcs/sources_1/imports/new/level.vhd:791]
INFO: [Synth 8-3491] module 'brick' declared at 'C:/Users/joeys/Atari_Breakout/Atari_Breakout.srcs/sources_1/imports/new/brick.vhd:6' bound to instance 'brick32' of component 'brick' [C:/Users/joeys/Atari_Breakout/Atari_Breakout.srcs/sources_1/imports/new/level.vhd:814]
INFO: [Synth 8-3491] module 'brick' declared at 'C:/Users/joeys/Atari_Breakout/Atari_Breakout.srcs/sources_1/imports/new/brick.vhd:6' bound to instance 'brick33' of component 'brick' [C:/Users/joeys/Atari_Breakout/Atari_Breakout.srcs/sources_1/imports/new/level.vhd:838]
INFO: [Synth 8-3491] module 'brick' declared at 'C:/Users/joeys/Atari_Breakout/Atari_Breakout.srcs/sources_1/imports/new/brick.vhd:6' bound to instance 'brick34' of component 'brick' [C:/Users/joeys/Atari_Breakout/Atari_Breakout.srcs/sources_1/imports/new/level.vhd:861]
INFO: [Synth 8-3491] module 'brick' declared at 'C:/Users/joeys/Atari_Breakout/Atari_Breakout.srcs/sources_1/imports/new/brick.vhd:6' bound to instance 'brick35' of component 'brick' [C:/Users/joeys/Atari_Breakout/Atari_Breakout.srcs/sources_1/imports/new/level.vhd:885]
INFO: [Synth 8-3491] module 'brick' declared at 'C:/Users/joeys/Atari_Breakout/Atari_Breakout.srcs/sources_1/imports/new/brick.vhd:6' bound to instance 'brick36' of component 'brick' [C:/Users/joeys/Atari_Breakout/Atari_Breakout.srcs/sources_1/imports/new/level.vhd:909]
INFO: [Synth 8-3491] module 'brick' declared at 'C:/Users/joeys/Atari_Breakout/Atari_Breakout.srcs/sources_1/imports/new/brick.vhd:6' bound to instance 'brick37' of component 'brick' [C:/Users/joeys/Atari_Breakout/Atari_Breakout.srcs/sources_1/imports/new/level.vhd:933]
INFO: [Synth 8-3491] module 'brick' declared at 'C:/Users/joeys/Atari_Breakout/Atari_Breakout.srcs/sources_1/imports/new/brick.vhd:6' bound to instance 'brick38' of component 'brick' [C:/Users/joeys/Atari_Breakout/Atari_Breakout.srcs/sources_1/imports/new/level.vhd:957]
INFO: [Synth 8-3491] module 'brick' declared at 'C:/Users/joeys/Atari_Breakout/Atari_Breakout.srcs/sources_1/imports/new/brick.vhd:6' bound to instance 'brick39' of component 'brick' [C:/Users/joeys/Atari_Breakout/Atari_Breakout.srcs/sources_1/imports/new/level.vhd:981]
INFO: [Synth 8-3491] module 'brick' declared at 'C:/Users/joeys/Atari_Breakout/Atari_Breakout.srcs/sources_1/imports/new/brick.vhd:6' bound to instance 'brick40' of component 'brick' [C:/Users/joeys/Atari_Breakout/Atari_Breakout.srcs/sources_1/imports/new/level.vhd:1005]
INFO: [Synth 8-256] done synthesizing module 'level' (0#1) [C:/Users/joeys/Atari_Breakout/Atari_Breakout.srcs/sources_1/imports/new/level.vhd:38]
INFO: [Synth 8-256] done synthesizing module 'bat_n_ball' (0#1) [C:/Users/joeys/Atari_Breakout/Atari_Breakout.srcs/sources_1/imports/new/bat_n_ball.vhd:20]
INFO: [Synth 8-3491] module 'vga_sync' declared at 'C:/Users/joeys/Atari_Breakout/Atari_Breakout.srcs/sources_1/imports/new/vga_sync.vhd:5' bound to instance 'vga_driver' of component 'vga_sync' [C:/Users/joeys/Atari_Breakout/Atari_Breakout.srcs/sources_1/imports/new/pong.vhd:107]
INFO: [Synth 8-638] synthesizing module 'vga_sync' [C:/Users/joeys/Atari_Breakout/Atari_Breakout.srcs/sources_1/imports/new/vga_sync.vhd:21]
INFO: [Synth 8-256] done synthesizing module 'vga_sync' (0#1) [C:/Users/joeys/Atari_Breakout/Atari_Breakout.srcs/sources_1/imports/new/vga_sync.vhd:21]
INFO: [Synth 8-3491] module 'clk_wiz_0' declared at 'C:/Users/joeys/Atari_Breakout/Atari_Breakout.srcs/sources_1/imports/new/clk_wiz_0.vhd:74' bound to instance 'clk_wiz_0_inst' of component 'clk_wiz_0' [C:/Users/joeys/Atari_Breakout/Atari_Breakout.srcs/sources_1/imports/new/pong.vhd:123]
INFO: [Synth 8-638] synthesizing module 'clk_wiz_0' [C:/Users/joeys/Atari_Breakout/Atari_Breakout.srcs/sources_1/imports/new/clk_wiz_0.vhd:83]
INFO: [Synth 8-3491] module 'clk_wiz_0_clk_wiz' declared at 'C:/Users/joeys/Atari_Breakout/Atari_Breakout.srcs/sources_1/imports/new/clk_wiz_0_clk_wiz.vhd:63' bound to instance 'U0' of component 'clk_wiz_0_clk_wiz' [C:/Users/joeys/Atari_Breakout/Atari_Breakout.srcs/sources_1/imports/new/clk_wiz_0.vhd:98]
INFO: [Synth 8-638] synthesizing module 'clk_wiz_0_clk_wiz' [C:/Users/joeys/Atari_Breakout/Atari_Breakout.srcs/sources_1/imports/new/clk_wiz_0_clk_wiz.vhd:72]
	Parameter BANDWIDTH bound to: OPTIMIZED - type: string 
	Parameter CLKFBOUT_MULT_F bound to: 10.125000 - type: double 
	Parameter CLKFBOUT_PHASE bound to: 0.000000 - type: double 
	Parameter CLKFBOUT_USE_FINE_PS bound to: 0 - type: bool 
	Parameter CLKIN1_PERIOD bound to: 10.000000 - type: double 
	Parameter CLKOUT0_DIVIDE_F bound to: 25.250000 - type: double 
	Parameter CLKOUT0_DUTY_CYCLE bound to: 0.500000 - type: double 
	Parameter CLKOUT0_PHASE bound to: 0.000000 - type: double 
	Parameter CLKOUT0_USE_FINE_PS bound to: 0 - type: bool 
	Parameter CLKOUT4_CASCADE bound to: 0 - type: bool 
	Parameter COMPENSATION bound to: ZHOLD - type: string 
	Parameter DIVCLK_DIVIDE bound to: 1 - type: integer 
	Parameter REF_JITTER1 bound to: 0.010000 - type: double 
	Parameter STARTUP_WAIT bound to: 0 - type: bool 
INFO: [Synth 8-113] binding component instance 'mmcm_adv_inst' to cell 'MMCME2_ADV' [C:/Users/joeys/Atari_Breakout/Atari_Breakout.srcs/sources_1/imports/new/clk_wiz_0_clk_wiz.vhd:114]
INFO: [Synth 8-113] binding component instance 'clkf_buf' to cell 'BUFG' [C:/Users/joeys/Atari_Breakout/Atari_Breakout.srcs/sources_1/imports/new/clk_wiz_0_clk_wiz.vhd:176]
INFO: [Synth 8-113] binding component instance 'clkout1_buf' to cell 'BUFG' [C:/Users/joeys/Atari_Breakout/Atari_Breakout.srcs/sources_1/imports/new/clk_wiz_0_clk_wiz.vhd:183]
INFO: [Synth 8-256] done synthesizing module 'clk_wiz_0_clk_wiz' (0#1) [C:/Users/joeys/Atari_Breakout/Atari_Breakout.srcs/sources_1/imports/new/clk_wiz_0_clk_wiz.vhd:72]
INFO: [Synth 8-256] done synthesizing module 'clk_wiz_0' (0#1) [C:/Users/joeys/Atari_Breakout/Atari_Breakout.srcs/sources_1/imports/new/clk_wiz_0.vhd:83]
INFO: [Synth 8-3491] module 'leddec16' declared at 'C:/Users/joeys/Atari_Breakout/Atari_Breakout.srcs/sources_1/imports/new/leddec16.vhd:4' bound to instance 'led1' of component 'leddec16' [C:/Users/joeys/Atari_Breakout/Atari_Breakout.srcs/sources_1/imports/new/pong.vhd:128]
INFO: [Synth 8-638] synthesizing module 'leddec16' [C:/Users/joeys/Atari_Breakout/Atari_Breakout.srcs/sources_1/imports/new/leddec16.vhd:12]
INFO: [Synth 8-256] done synthesizing module 'leddec16' (0#1) [C:/Users/joeys/Atari_Breakout/Atari_Breakout.srcs/sources_1/imports/new/leddec16.vhd:12]
INFO: [Synth 8-256] done synthesizing module 'pong' (0#1) [C:/Users/joeys/Atari_Breakout/Atari_Breakout.srcs/sources_1/imports/new/pong.vhd:22]
WARNING: [Synth 8-3848] Net display in module/entity pong does not have driver. [C:/Users/joeys/Atari_Breakout/Atari_Breakout.srcs/sources_1/imports/new/pong.vhd:30]
WARNING: [Synth 8-7129] Port bsize[31] in module power_up is either unconnected or has no load
WARNING: [Synth 8-7129] Port lvl_cnt[5] in module level is either unconnected or has no load
WARNING: [Synth 8-7129] Port lvl_cnt[4] in module level is either unconnected or has no load
WARNING: [Synth 8-7129] Port lvl_cnt[3] in module level is either unconnected or has no load
WARNING: [Synth 8-7129] Port lvl_cnt[2] in module level is either unconnected or has no load
WARNING: [Synth 8-7129] Port lvl_cnt[1] in module level is either unconnected or has no load
WARNING: [Synth 8-7129] Port lvl_cnt[0] in module level is either unconnected or has no load
WARNING: [Synth 8-7129] Port win in module level is either unconnected or has no load
---------------------------------------------------------------------------------
Finished RTL Elaboration : Time (s): cpu = 00:00:08 ; elapsed = 00:00:14 . Memory (MB): peak = 1427.000 ; gain = 554.863
---------------------------------------------------------------------------------
---------------------------------------------------------------------------------
Start Handling Custom Attributes
---------------------------------------------------------------------------------
---------------------------------------------------------------------------------
Finished Handling Custom Attributes : Time (s): cpu = 00:00:08 ; elapsed = 00:00:15 . Memory (MB): peak = 1427.000 ; gain = 554.863
---------------------------------------------------------------------------------
---------------------------------------------------------------------------------
Finished RTL Optimization Phase 1 : Time (s): cpu = 00:00:08 ; elapsed = 00:00:15 . Memory (MB): peak = 1427.000 ; gain = 554.863
---------------------------------------------------------------------------------
Netlist sorting complete. Time (s): cpu = 00:00:00 ; elapsed = 00:00:00.316 . Memory (MB): peak = 1427.000 ; gain = 0.000
INFO: [Netlist 29-17] Analyzing 1 Unisim elements for replacement
INFO: [Netlist 29-28] Unisim Transformation completed in 0 CPU seconds
INFO: [Project 1-570] Preparing netlist for logic optimization

Processing XDC Constraints
Initializing timing engine
Parsing XDC File [C:/Users/joeys/Atari_Breakout/Atari_Breakout.srcs/constrs_1/imports/new/pong.xdc]
Finished Parsing XDC File [C:/Users/joeys/Atari_Breakout/Atari_Breakout.srcs/constrs_1/imports/new/pong.xdc]
INFO: [Project 1-236] Implementation specific constraints were found while reading constraint file [C:/Users/joeys/Atari_Breakout/Atari_Breakout.srcs/constrs_1/imports/new/pong.xdc]. These constraints will be ignored for synthesis but will be used in implementation. Impacted constraints are listed in the file [.Xil/pong_propImpl.xdc].
Resolution: To avoid this warning, move constraints listed in [.Xil/pong_propImpl.xdc] to another XDC file and exclude this new file from synthesis with the used_in_synthesis property (File Properties dialog in GUI) and re-run elaboration/synthesis.
INFO: [Timing 38-2] Deriving generated clocks
Completed Processing XDC Constraints

Netlist sorting complete. Time (s): cpu = 00:00:00 ; elapsed = 00:00:00.002 . Memory (MB): peak = 1472.668 ; gain = 0.000
INFO: [Project 1-111] Unisim Transformation Summary:
No Unisim elements were transformed.

The system cannot find the path specified.
Constraint Validation Runtime : Time (s): cpu = 00:00:00 ; elapsed = 00:00:00.046 . Memory (MB): peak = 1472.668 ; gain = 0.000
---------------------------------------------------------------------------------
Finished Constraint Validation : Time (s): cpu = 00:00:20 ; elapsed = 00:00:31 . Memory (MB): peak = 1472.668 ; gain = 600.531
---------------------------------------------------------------------------------
---------------------------------------------------------------------------------
Start Loading Part and Timing Information
---------------------------------------------------------------------------------
Loading part: xc7a100tcsg324-1
---------------------------------------------------------------------------------
Finished Loading Part and Timing Information : Time (s): cpu = 00:00:20 ; elapsed = 00:00:31 . Memory (MB): peak = 1472.668 ; gain = 600.531
---------------------------------------------------------------------------------
---------------------------------------------------------------------------------
Start Applying 'set_property' XDC Constraints
---------------------------------------------------------------------------------
---------------------------------------------------------------------------------
Finished applying 'set_property' XDC Constraints : Time (s): cpu = 00:00:20 ; elapsed = 00:00:31 . Memory (MB): peak = 1472.668 ; gain = 600.531
---------------------------------------------------------------------------------
---------------------------------------------------------------------------------
Finished RTL Optimization Phase 2 : Time (s): cpu = 00:00:21 ; elapsed = 00:00:32 . Memory (MB): peak = 1472.668 ; gain = 600.531
---------------------------------------------------------------------------------
---------------------------------------------------------------------------------
Start RTL Component Statistics 
---------------------------------------------------------------------------------
Detailed RTL Component Info : 
+---Adders : 
	  40 Input   32 Bit       Adders := 1     
	   2 Input   12 Bit       Adders := 3     
	   3 Input   11 Bit       Adders := 244   
	   2 Input   11 Bit       Adders := 610   
+---Registers : 
	               32 Bit    Registers := 40    
	               11 Bit    Registers := 89    
	                4 Bit    Registers := 3     
	                1 Bit    Registers := 363   
+---Muxes : 
	   2 Input   11 Bit        Muxes := 246   
	   5 Input   11 Bit        Muxes := 2     
	   4 Input   11 Bit        Muxes := 1     
	   3 Input   11 Bit        Muxes := 1     
	   7 Input   11 Bit        Muxes := 1     
	   6 Input   11 Bit        Muxes := 1     
	   2 Input    8 Bit        Muxes := 1     
	   4 Input    8 Bit        Muxes := 1     
	   2 Input    5 Bit        Muxes := 41    
	   2 Input    4 Bit        Muxes := 44    
	   4 Input    4 Bit        Muxes := 1     
	   2 Input    1 Bit        Muxes := 562   
	   5 Input    1 Bit        Muxes := 40    
---------------------------------------------------------------------------------
Finished RTL Component Statistics 
---------------------------------------------------------------------------------
---------------------------------------------------------------------------------
Start Part Resource Summary
---------------------------------------------------------------------------------
Part Resources:
DSPs: 240 (col length:80)
BRAMs: 270 (col length: RAMB18 80 RAMB36 40)
---------------------------------------------------------------------------------
Finished Part Resource Summary
---------------------------------------------------------------------------------
---------------------------------------------------------------------------------
Start Cross Boundary and Area Optimization
---------------------------------------------------------------------------------
WARNING: [Synth 8-7080] Parallel synthesis criteria is not met
DSP Report: Generating DSP R, operation Mode is: A*B.
DSP Report: operator R is absorbed into DSP R.
DSP Report: operator R is absorbed into DSP R.
DSP Report: Generating DSP multOp, operation Mode is: A*B.
DSP Report: operator multOp is absorbed into DSP multOp.
DSP Report: Generating DSP plusOp, operation Mode is: PCIN+A*B.
DSP Report: operator plusOp is absorbed into DSP plusOp.
DSP Report: operator multOp is absorbed into DSP plusOp.
DSP Report: Generating DSP R, operation Mode is: A*B.
DSP Report: operator R is absorbed into DSP R.
DSP Report: operator R is absorbed into DSP R.
DSP Report: Generating DSP multOp, operation Mode is: A*B.
DSP Report: operator multOp is absorbed into DSP multOp.
DSP Report: Generating DSP plusOp, operation Mode is: PCIN+A*B.
DSP Report: operator plusOp is absorbed into DSP plusOp.
DSP Report: operator multOp is absorbed into DSP plusOp.
DSP Report: Generating DSP R, operation Mode is: A*B.
DSP Report: operator R is absorbed into DSP R.
DSP Report: operator R is absorbed into DSP R.
DSP Report: Generating DSP multOp, operation Mode is: A*B.
DSP Report: operator multOp is absorbed into DSP multOp.
DSP Report: Generating DSP plusOp, operation Mode is: PCIN+A*B.
DSP Report: operator plusOp is absorbed into DSP plusOp.
DSP Report: operator multOp is absorbed into DSP plusOp.
DSP Report: Generating DSP R, operation Mode is: A*B.
DSP Report: operator R is absorbed into DSP R.
DSP Report: operator R is absorbed into DSP R.
DSP Report: Generating DSP multOp, operation Mode is: A*B.
DSP Report: operator multOp is absorbed into DSP multOp.
DSP Report: Generating DSP plusOp, operation Mode is: PCIN+A*B.
DSP Report: operator plusOp is absorbed into DSP plusOp.
DSP Report: operator multOp is absorbed into DSP plusOp.
DSP Report: Generating DSP R, operation Mode is: A*B.
DSP Report: operator R is absorbed into DSP R.
DSP Report: operator R is absorbed into DSP R.
DSP Report: Generating DSP multOp, operation Mode is: A*B.
DSP Report: operator multOp is absorbed into DSP multOp.
DSP Report: Generating DSP plusOp, operation Mode is: PCIN+A*B.
DSP Report: operator plusOp is absorbed into DSP plusOp.
DSP Report: operator multOp is absorbed into DSP plusOp.
DSP Report: Generating DSP R, operation Mode is: A*B.
DSP Report: operator R is absorbed into DSP R.
DSP Report: operator R is absorbed into DSP R.
DSP Report: Generating DSP multOp, operation Mode is: A*B.
DSP Report: operator multOp is absorbed into DSP multOp.
DSP Report: Generating DSP plusOp, operation Mode is: PCIN+A*B.
DSP Report: operator plusOp is absorbed into DSP plusOp.
DSP Report: operator multOp is absorbed into DSP plusOp.
DSP Report: Generating DSP R, operation Mode is: A*B.
DSP Report: operator R is absorbed into DSP R.
DSP Report: operator R is absorbed into DSP R.
DSP Report: Generating DSP multOp, operation Mode is: A*B.
DSP Report: operator multOp is absorbed into DSP multOp.
DSP Report: Generating DSP plusOp, operation Mode is: PCIN+A*B.
DSP Report: operator plusOp is absorbed into DSP plusOp.
DSP Report: operator multOp is absorbed into DSP plusOp.
DSP Report: Generating DSP R, operation Mode is: A*B.
DSP Report: operator R is absorbed into DSP R.
DSP Report: operator R is absorbed into DSP R.
DSP Report: Generating DSP multOp, operation Mode is: A*B.
DSP Report: operator multOp is absorbed into DSP multOp.
DSP Report: Generating DSP plusOp, operation Mode is: PCIN+A*B.
DSP Report: operator plusOp is absorbed into DSP plusOp.
DSP Report: operator multOp is absorbed into DSP plusOp.
DSP Report: Generating DSP R, operation Mode is: A*B.
DSP Report: operator R is absorbed into DSP R.
DSP Report: operator R is absorbed into DSP R.
DSP Report: Generating DSP multOp, operation Mode is: A*B.
DSP Report: operator multOp is absorbed into DSP multOp.
DSP Report: Generating DSP plusOp, operation Mode is: PCIN+A*B.
DSP Report: operator plusOp is absorbed into DSP plusOp.
DSP Report: operator multOp is absorbed into DSP plusOp.
DSP Report: Generating DSP R, operation Mode is: A*B.
DSP Report: operator R is absorbed into DSP R.
DSP Report: operator R is absorbed into DSP R.
DSP Report: Generating DSP multOp, operation Mode is: A*B.
DSP Report: operator multOp is absorbed into DSP multOp.
DSP Report: Generating DSP plusOp, operation Mode is: PCIN+A*B.
DSP Report: operator plusOp is absorbed into DSP plusOp.
DSP Report: operator multOp is absorbed into DSP plusOp.
DSP Report: Generating DSP R, operation Mode is: A*B.
DSP Report: operator R is absorbed into DSP R.
DSP Report: operator R is absorbed into DSP R.
DSP Report: Generating DSP multOp, operation Mode is: A*B.
DSP Report: operator multOp is absorbed into DSP multOp.
DSP Report: Generating DSP plusOp, operation Mode is: PCIN+A*B.
DSP Report: operator plusOp is absorbed into DSP plusOp.
DSP Report: operator multOp is absorbed into DSP plusOp.
DSP Report: Generating DSP R, operation Mode is: A*B.
DSP Report: operator R is absorbed into DSP R.
DSP Report: operator R is absorbed into DSP R.
DSP Report: Generating DSP multOp, operation Mode is: A*B.
DSP Report: operator multOp is absorbed into DSP multOp.
DSP Report: Generating DSP plusOp, operation Mode is: PCIN+A*B.
DSP Report: operator plusOp is absorbed into DSP plusOp.
DSP Report: operator multOp is absorbed into DSP plusOp.
DSP Report: Generating DSP R, operation Mode is: A*B.
DSP Report: operator R is absorbed into DSP R.
DSP Report: operator R is absorbed into DSP R.
DSP Report: Generating DSP multOp, operation Mode is: A*B.
DSP Report: operator multOp is absorbed into DSP multOp.
DSP Report: Generating DSP plusOp, operation Mode is: PCIN+A*B.
DSP Report: operator plusOp is absorbed into DSP plusOp.
DSP Report: operator multOp is absorbed into DSP plusOp.
DSP Report: Generating DSP R, operation Mode is: A*B.
DSP Report: operator R is absorbed into DSP R.
DSP Report: operator R is absorbed into DSP R.
DSP Report: Generating DSP multOp, operation Mode is: A*B.
DSP Report: operator multOp is absorbed into DSP multOp.
DSP Report: Generating DSP plusOp, operation Mode is: PCIN+A*B.
DSP Report: operator plusOp is absorbed into DSP plusOp.
DSP Report: operator multOp is absorbed into DSP plusOp.
DSP Report: Generating DSP R, operation Mode is: A*B.
DSP Report: operator R is absorbed into DSP R.
DSP Report: operator R is absorbed into DSP R.
DSP Report: Generating DSP multOp, operation Mode is: A*B.
DSP Report: operator multOp is absorbed into DSP multOp.
DSP Report: Generating DSP plusOp, operation Mode is: PCIN+A*B.
DSP Report: operator plusOp is absorbed into DSP plusOp.
DSP Report: operator multOp is absorbed into DSP plusOp.
DSP Report: Generating DSP R, operation Mode is: A*B.
DSP Report: operator R is absorbed into DSP R.
DSP Report: operator R is absorbed into DSP R.
DSP Report: Generating DSP multOp, operation Mode is: A*B.
DSP Report: operator multOp is absorbed into DSP multOp.
DSP Report: Generating DSP plusOp, operation Mode is: PCIN+A*B.
DSP Report: operator plusOp is absorbed into DSP plusOp.
DSP Report: operator multOp is absorbed into DSP plusOp.
DSP Report: Generating DSP R, operation Mode is: A*B.
DSP Report: operator R is absorbed into DSP R.
DSP Report: operator R is absorbed into DSP R.
DSP Report: Generating DSP multOp, operation Mode is: A*B.
DSP Report: operator multOp is absorbed into DSP multOp.
DSP Report: Generating DSP plusOp, operation Mode is: PCIN+A*B.
DSP Report: operator plusOp is absorbed into DSP plusOp.
DSP Report: operator multOp is absorbed into DSP plusOp.
DSP Report: Generating DSP R, operation Mode is: A*B.
DSP Report: operator R is absorbed into DSP R.
DSP Report: operator R is absorbed into DSP R.
DSP Report: Generating DSP multOp, operation Mode is: A*B.
DSP Report: operator multOp is absorbed into DSP multOp.
DSP Report: Generating DSP plusOp, operation Mode is: PCIN+A*B.
DSP Report: operator plusOp is absorbed into DSP plusOp.
DSP Report: operator multOp is absorbed into DSP plusOp.
DSP Report: Generating DSP R, operation Mode is: A*B.
DSP Report: operator R is absorbed into DSP R.
DSP Report: operator R is absorbed into DSP R.
DSP Report: Generating DSP multOp, operation Mode is: A*B.
DSP Report: operator multOp is absorbed into DSP multOp.
DSP Report: Generating DSP plusOp, operation Mode is: PCIN+A*B.
DSP Report: operator plusOp is absorbed into DSP plusOp.
DSP Report: operator multOp is absorbed into DSP plusOp.
DSP Report: Generating DSP R, operation Mode is: A*B.
DSP Report: operator R is absorbed into DSP R.
DSP Report: operator R is absorbed into DSP R.
DSP Report: Generating DSP multOp, operation Mode is: A*B.
DSP Report: operator multOp is absorbed into DSP multOp.
DSP Report: Generating DSP plusOp, operation Mode is: PCIN+A*B.
DSP Report: operator plusOp is absorbed into DSP plusOp.
DSP Report: operator multOp is absorbed into DSP plusOp.
DSP Report: Generating DSP R, operation Mode is: A*B.
DSP Report: operator R is absorbed into DSP R.
DSP Report: operator R is absorbed into DSP R.
DSP Report: Generating DSP multOp, operation Mode is: A*B.
DSP Report: operator multOp is absorbed into DSP multOp.
DSP Report: Generating DSP plusOp, operation Mode is: PCIN+A*B.
DSP Report: operator plusOp is absorbed into DSP plusOp.
DSP Report: operator multOp is absorbed into DSP plusOp.
DSP Report: Generating DSP R, operation Mode is: A*B.
DSP Report: operator R is absorbed into DSP R.
DSP Report: operator R is absorbed into DSP R.
DSP Report: Generating DSP multOp, operation Mode is: A*B.
DSP Report: operator multOp is absorbed into DSP multOp.
DSP Report: Generating DSP plusOp, operation Mode is: PCIN+A*B.
DSP Report: operator plusOp is absorbed into DSP plusOp.
DSP Report: operator multOp is absorbed into DSP plusOp.
DSP Report: Generating DSP R, operation Mode is: A*B.
DSP Report: operator R is absorbed into DSP R.
DSP Report: operator R is absorbed into DSP R.
DSP Report: Generating DSP multOp, operation Mode is: A*B.
DSP Report: operator multOp is absorbed into DSP multOp.
DSP Report: Generating DSP plusOp, operation Mode is: PCIN+A*B.
DSP Report: operator plusOp is absorbed into DSP plusOp.
DSP Report: operator multOp is absorbed into DSP plusOp.
DSP Report: Generating DSP R, operation Mode is: A*B.
DSP Report: operator R is absorbed into DSP R.
DSP Report: operator R is absorbed into DSP R.
DSP Report: Generating DSP multOp, operation Mode is: A*B.
DSP Report: operator multOp is absorbed into DSP multOp.
DSP Report: Generating DSP plusOp, operation Mode is: PCIN+A*B.
DSP Report: operator plusOp is absorbed into DSP plusOp.
DSP Report: operator multOp is absorbed into DSP plusOp.
DSP Report: Generating DSP R, operation Mode is: A*B.
DSP Report: operator R is absorbed into DSP R.
DSP Report: operator R is absorbed into DSP R.
DSP Report: Generating DSP multOp, operation Mode is: A*B.
DSP Report: operator multOp is absorbed into DSP multOp.
DSP Report: Generating DSP plusOp, operation Mode is: PCIN+A*B.
DSP Report: operator plusOp is absorbed into DSP plusOp.
DSP Report: operator multOp is absorbed into DSP plusOp.
DSP Report: Generating DSP R, operation Mode is: A*B.
DSP Report: operator R is absorbed into DSP R.
DSP Report: operator R is absorbed into DSP R.
DSP Report: Generating DSP multOp, operation Mode is: A*B.
DSP Report: operator multOp is absorbed into DSP multOp.
DSP Report: Generating DSP plusOp, operation Mode is: PCIN+A*B.
DSP Report: operator plusOp is absorbed into DSP plusOp.
DSP Report: operator multOp is absorbed into DSP plusOp.
DSP Report: Generating DSP R, operation Mode is: A*B.
DSP Report: operator R is absorbed into DSP R.
DSP Report: operator R is absorbed into DSP R.
DSP Report: Generating DSP multOp, operation Mode is: A*B.
DSP Report: operator multOp is absorbed into DSP multOp.
DSP Report: Generating DSP plusOp, operation Mode is: PCIN+A*B.
DSP Report: operator plusOp is absorbed into DSP plusOp.
DSP Report: operator multOp is absorbed into DSP plusOp.
DSP Report: Generating DSP R, operation Mode is: A*B.
DSP Report: operator R is absorbed into DSP R.
DSP Report: operator R is absorbed into DSP R.
DSP Report: Generating DSP multOp, operation Mode is: A*B.
DSP Report: operator multOp is absorbed into DSP multOp.
DSP Report: Generating DSP plusOp, operation Mode is: PCIN+A*B.
DSP Report: operator plusOp is absorbed into DSP plusOp.
DSP Report: operator multOp is absorbed into DSP plusOp.
DSP Report: Generating DSP R, operation Mode is: A*B.
DSP Report: operator R is absorbed into DSP R.
DSP Report: operator R is absorbed into DSP R.
DSP Report: Generating DSP multOp, operation Mode is: A*B.
DSP Report: operator multOp is absorbed into DSP multOp.
DSP Report: Generating DSP plusOp, operation Mode is: PCIN+A*B.
DSP Report: operator plusOp is absorbed into DSP plusOp.
DSP Report: operator multOp is absorbed into DSP plusOp.
DSP Report: Generating DSP R, operation Mode is: A*B.
DSP Report: operator R is absorbed into DSP R.
DSP Report: operator R is absorbed into DSP R.
DSP Report: Generating DSP multOp, operation Mode is: A*B.
DSP Report: operator multOp is absorbed into DSP multOp.
DSP Report: Generating DSP plusOp, operation Mode is: PCIN+A*B.
DSP Report: operator plusOp is absorbed into DSP plusOp.
DSP Report: operator multOp is absorbed into DSP plusOp.
DSP Report: Generating DSP R, operation Mode is: A*B.
DSP Report: operator R is absorbed into DSP R.
DSP Report: operator R is absorbed into DSP R.
DSP Report: Generating DSP multOp, operation Mode is: A*B.
DSP Report: operator multOp is absorbed into DSP multOp.
DSP Report: Generating DSP plusOp, operation Mode is: PCIN+A*B.
DSP Report: operator plusOp is absorbed into DSP plusOp.
DSP Report: operator multOp is absorbed into DSP plusOp.
DSP Report: Generating DSP R, operation Mode is: A*B.
DSP Report: operator R is absorbed into DSP R.
DSP Report: operator R is absorbed into DSP R.
DSP Report: Generating DSP multOp, operation Mode is: A*B.
DSP Report: operator multOp is absorbed into DSP multOp.
DSP Report: Generating DSP plusOp, operation Mode is: PCIN+A*B.
DSP Report: operator plusOp is absorbed into DSP plusOp.
DSP Report: operator multOp is absorbed into DSP plusOp.
DSP Report: Generating DSP R, operation Mode is: A*B.
DSP Report: operator R is absorbed into DSP R.
DSP Report: operator R is absorbed into DSP R.
DSP Report: Generating DSP multOp, operation Mode is: A*B.
DSP Report: operator multOp is absorbed into DSP multOp.
DSP Report: Generating DSP plusOp, operation Mode is: PCIN+A*B.
DSP Report: operator plusOp is absorbed into DSP plusOp.
DSP Report: operator multOp is absorbed into DSP plusOp.
DSP Report: Generating DSP R, operation Mode is: A*B.
DSP Report: operator R is absorbed into DSP R.
DSP Report: operator R is absorbed into DSP R.
DSP Report: Generating DSP multOp, operation Mode is: A*B.
DSP Report: operator multOp is absorbed into DSP multOp.
DSP Report: Generating DSP plusOp, operation Mode is: PCIN+A*B.
DSP Report: operator plusOp is absorbed into DSP plusOp.
DSP Report: operator multOp is absorbed into DSP plusOp.
DSP Report: Generating DSP R, operation Mode is: A*B.
DSP Report: operator R is absorbed into DSP R.
DSP Report: operator R is absorbed into DSP R.
DSP Report: Generating DSP multOp, operation Mode is: A*B.
DSP Report: operator multOp is absorbed into DSP multOp.
DSP Report: Generating DSP plusOp, operation Mode is: PCIN+A*B.
DSP Report: operator plusOp is absorbed into DSP plusOp.
DSP Report: operator multOp is absorbed into DSP plusOp.
DSP Report: Generating DSP R, operation Mode is: A*B.
DSP Report: operator R is absorbed into DSP R.
DSP Report: operator R is absorbed into DSP R.
DSP Report: Generating DSP multOp, operation Mode is: A*B.
DSP Report: operator multOp is absorbed into DSP multOp.
DSP Report: Generating DSP plusOp, operation Mode is: PCIN+A*B.
DSP Report: operator plusOp is absorbed into DSP plusOp.
DSP Report: operator multOp is absorbed into DSP plusOp.
DSP Report: Generating DSP R, operation Mode is: A*B.
DSP Report: operator R is absorbed into DSP R.
DSP Report: operator R is absorbed into DSP R.
DSP Report: Generating DSP multOp, operation Mode is: A*B.
DSP Report: operator multOp is absorbed into DSP multOp.
DSP Report: Generating DSP plusOp, operation Mode is: PCIN+A*B.
DSP Report: operator plusOp is absorbed into DSP plusOp.
DSP Report: operator multOp is absorbed into DSP plusOp.
DSP Report: Generating DSP R, operation Mode is: A*B.
DSP Report: operator R is absorbed into DSP R.
DSP Report: operator R is absorbed into DSP R.
DSP Report: Generating DSP multOp, operation Mode is: A*B.
DSP Report: operator multOp is absorbed into DSP multOp.
DSP Report: Generating DSP plusOp, operation Mode is: PCIN+A*B.
DSP Report: operator plusOp is absorbed into DSP plusOp.
DSP Report: operator multOp is absorbed into DSP plusOp.
DSP Report: Generating DSP R, operation Mode is: A*B.
DSP Report: operator R is absorbed into DSP R.
DSP Report: operator R is absorbed into DSP R.
DSP Report: Generating DSP multOp, operation Mode is: A*B.
DSP Report: operator multOp is absorbed into DSP multOp.
DSP Report: Generating DSP plusOp, operation Mode is: PCIN+A*B.
DSP Report: operator plusOp is absorbed into DSP plusOp.
DSP Report: operator multOp is absorbed into DSP plusOp.
DSP Report: Generating DSP R, operation Mode is: A*B.
DSP Report: operator R is absorbed into DSP R.
DSP Report: operator R is absorbed into DSP R.
DSP Report: Generating DSP multOp, operation Mode is: A*B.
DSP Report: operator multOp is absorbed into DSP multOp.
DSP Report: Generating DSP plusOp, operation Mode is: PCIN+A*B.
DSP Report: operator plusOp is absorbed into DSP plusOp.
DSP Report: operator multOp is absorbed into DSP plusOp.
DSP Report: Generating DSP multOp, operation Mode is: A*B.
DSP Report: operator multOp is absorbed into DSP multOp.
DSP Report: Generating DSP plusOp, operation Mode is: PCIN+A*B.
DSP Report: operator plusOp is absorbed into DSP plusOp.
DSP Report: operator multOp is absorbed into DSP plusOp.
---------------------------------------------------------------------------------
Finished Cross Boundary and Area Optimization : Time (s): cpu = 00:00:48 ; elapsed = 00:01:09 . Memory (MB): peak = 1472.668 ; gain = 600.531
---------------------------------------------------------------------------------
 Sort Area is level__GB0 R_10 : 0 0 : 3194 3194 : Used 1 time 0
 Sort Area is level__GB0 R_12 : 0 0 : 3194 3194 : Used 1 time 0
 Sort Area is level__GB0 R_14 : 0 0 : 3194 3194 : Used 1 time 0
 Sort Area is level__GB1 R_16 : 0 0 : 3194 3194 : Used 1 time 0
 Sort Area is level__GB1 R_18 : 0 0 : 3194 3194 : Used 1 time 0
 Sort Area is level__GB1 R_1a : 0 0 : 3194 3194 : Used 1 time 0
 Sort Area is level__GB2 R_1c : 0 0 : 3194 3194 : Used 1 time 0
 Sort Area is level__GB2 R_1e : 0 0 : 3194 3194 : Used 1 time 0
 Sort Area is level__GB2 R_20 : 0 0 : 3194 3194 : Used 1 time 0
 Sort Area is level__GB2 R_22 : 0 0 : 3194 3194 : Used 1 time 0
 Sort Area is level__GB3 R_24 : 0 0 : 3194 3194 : Used 1 time 0
 Sort Area is level__GB3 R_26 : 0 0 : 3194 3194 : Used 1 time 0
 Sort Area is level__GB3 R_28 : 0 0 : 3194 3194 : Used 1 time 0
 Sort Area is level__GB3 R_2a : 0 0 : 3194 3194 : Used 1 time 0
 Sort Area is level__GB3 R_2c : 0 0 : 3194 3194 : Used 1 time 0
 Sort Area is level__GB4 R_2e : 0 0 : 3194 3194 : Used 1 time 0
 Sort Area is level__GB0 R_3 : 0 0 : 3194 3194 : Used 1 time 0
 Sort Area is level__GB4 R_30 : 0 0 : 3194 3194 : Used 1 time 0
 Sort Area is level__GB4 R_32 : 0 0 : 3194 3194 : Used 1 time 0
 Sort Area is level__GB4 R_34 : 0 0 : 3194 3194 : Used 1 time 0
 Sort Area is level__GB4 R_36 : 0 0 : 3194 3194 : Used 1 time 0
 Sort Area is level__GB4 R_38 : 0 0 : 3194 3194 : Used 1 time 0
 Sort Area is level__GB4 R_3a : 0 0 : 3194 3194 : Used 1 time 0
 Sort Area is level__GB4 R_3c : 0 0 : 3194 3194 : Used 1 time 0
 Sort Area is level__GB4 R_3e : 0 0 : 3194 3194 : Used 1 time 0
 Sort Area is level__GB4 R_40 : 0 0 : 3194 3194 : Used 1 time 0
 Sort Area is level__GB5 R_42 : 0 0 : 3194 3194 : Used 1 time 0
 Sort Area is level__GB5 R_44 : 0 0 : 3194 3194 : Used 1 time 0
 Sort Area is level__GB5 R_46 : 0 0 : 3194 3194 : Used 1 time 0
 Sort Area is level__GB5 R_48 : 0 0 : 3194 3194 : Used 1 time 0
 Sort Area is level__GB5 R_4a : 0 0 : 3194 3194 : Used 1 time 0
 Sort Area is level__GB5 R_4c : 0 0 : 3194 3194 : Used 1 time 0
 Sort Area is level__GB5 R_4e : 0 0 : 3194 3194 : Used 1 time 0
 Sort Area is level__GB5 R_50 : 0 0 : 3194 3194 : Used 1 time 0
 Sort Area is level__GB5 R_52 : 0 0 : 3194 3194 : Used 1 time 0
 Sort Area is level__GB0 R_6 : 0 0 : 3194 3194 : Used 1 time 0
 Sort Area is level__GB0 R_8 : 0 0 : 3194 3194 : Used 1 time 0
 Sort Area is level__GB0 R_a : 0 0 : 3194 3194 : Used 1 time 0
 Sort Area is level__GB0 R_c : 0 0 : 3194 3194 : Used 1 time 0
 Sort Area is level__GB0 R_e : 0 0 : 3194 3194 : Used 1 time 0
 Sort Area is level__GB0 multOp_0 : 0 0 : 863 1791 : Used 1 time 0
 Sort Area is level__GB0 multOp_0 : 0 1 : 928 1791 : Used 1 time 0
 Sort Area is level__GB0 multOp_11 : 0 0 : 863 1791 : Used 1 time 0
 Sort Area is level__GB0 multOp_11 : 0 1 : 928 1791 : Used 1 time 0
 Sort Area is level__GB0 multOp_13 : 0 0 : 863 1791 : Used 1 time 0
 Sort Area is level__GB0 multOp_13 : 0 1 : 928 1791 : Used 1 time 0
 Sort Area is level__GB1 multOp_15 : 0 0 : 863 1791 : Used 1 time 0
 Sort Area is level__GB1 multOp_15 : 0 1 : 928 1791 : Used 1 time 0
 Sort Area is level__GB1 multOp_17 : 0 0 : 863 1791 : Used 1 time 0
 Sort Area is level__GB1 multOp_17 : 0 1 : 928 1791 : Used 1 time 0
 Sort Area is level__GB1 multOp_19 : 0 0 : 863 1791 : Used 1 time 0
 Sort Area is level__GB1 multOp_19 : 0 1 : 928 1791 : Used 1 time 0
 Sort Area is level__GB2 multOp_1b : 0 0 : 863 1791 : Used 1 time 0
 Sort Area is level__GB2 multOp_1b : 0 1 : 928 1791 : Used 1 time 0
 Sort Area is level__GB2 multOp_1d : 0 0 : 863 1791 : Used 1 time 0
 Sort Area is level__GB2 multOp_1d : 0 1 : 928 1791 : Used 1 time 0
 Sort Area is level__GB2 multOp_1f : 0 0 : 863 1791 : Used 1 time 0
 Sort Area is level__GB2 multOp_1f : 0 1 : 928 1791 : Used 1 time 0
 Sort Area is level__GB2 multOp_21 : 0 0 : 863 1791 : Used 1 time 0
 Sort Area is level__GB2 multOp_21 : 0 1 : 928 1791 : Used 1 time 0
 Sort Area is level__GB3 multOp_23 : 0 0 : 863 1791 : Used 1 time 0
 Sort Area is level__GB3 multOp_23 : 0 1 : 928 1791 : Used 1 time 0
 Sort Area is level__GB3 multOp_25 : 0 0 : 863 1791 : Used 1 time 0
 Sort Area is level__GB3 multOp_25 : 0 1 : 928 1791 : Used 1 time 0
 Sort Area is level__GB3 multOp_27 : 0 0 : 863 1791 : Used 1 time 0
 Sort Area is level__GB3 multOp_27 : 0 1 : 928 1791 : Used 1 time 0
 Sort Area is level__GB3 multOp_29 : 0 0 : 863 1791 : Used 1 time 0
 Sort Area is level__GB3 multOp_29 : 0 1 : 928 1791 : Used 1 time 0
 Sort Area is level__GB3 multOp_2b : 0 0 : 863 1791 : Used 1 time 0
 Sort Area is level__GB3 multOp_2b : 0 1 : 928 1791 : Used 1 time 0
 Sort Area is level__GB4 multOp_2d : 0 0 : 863 1791 : Used 1 time 0
 Sort Area is level__GB4 multOp_2d : 0 1 : 928 1791 : Used 1 time 0
 Sort Area is level__GB4 multOp_2f : 0 0 : 863 1791 : Used 1 time 0
 Sort Area is level__GB4 multOp_2f : 0 1 : 928 1791 : Used 1 time 0
 Sort Area is level__GB4 multOp_31 : 0 0 : 863 1791 : Used 1 time 0
 Sort Area is level__GB4 multOp_31 : 0 1 : 928 1791 : Used 1 time 0
 Sort Area is level__GB4 multOp_33 : 0 0 : 863 1791 : Used 1 time 0
 Sort Area is level__GB4 multOp_33 : 0 1 : 928 1791 : Used 1 time 0
 Sort Area is level__GB4 multOp_35 : 0 0 : 863 1791 : Used 1 time 0
 Sort Area is level__GB4 multOp_35 : 0 1 : 928 1791 : Used 1 time 0
 Sort Area is level__GB4 multOp_37 : 0 0 : 863 1791 : Used 1 time 0
 Sort Area is level__GB4 multOp_37 : 0 1 : 928 1791 : Used 1 time 0
 Sort Area is level__GB4 multOp_39 : 0 0 : 863 1791 : Used 1 time 0
 Sort Area is level__GB4 multOp_39 : 0 1 : 928 1791 : Used 1 time 0
 Sort Area is level__GB4 multOp_3b : 0 0 : 863 1791 : Used 1 time 0
 Sort Area is level__GB4 multOp_3b : 0 1 : 928 1791 : Used 1 time 0
 Sort Area is level__GB4 multOp_3d : 0 0 : 863 1791 : Used 1 time 0
 Sort Area is level__GB4 multOp_3d : 0 1 : 928 1791 : Used 1 time 0
 Sort Area is level__GB4 multOp_3f : 0 0 : 863 1791 : Used 1 time 0
 Sort Area is level__GB4 multOp_3f : 0 1 : 928 1791 : Used 1 time 0
 Sort Area is level__GB5 multOp_41 : 0 0 : 863 1791 : Used 1 time 0
 Sort Area is level__GB5 multOp_41 : 0 1 : 928 1791 : Used 1 time 0
 Sort Area is level__GB5 multOp_43 : 0 0 : 863 1791 : Used 1 time 0
 Sort Area is level__GB5 multOp_43 : 0 1 : 928 1791 : Used 1 time 0
 Sort Area is level__GB5 multOp_45 : 0 0 : 863 1791 : Used 1 time 0
 Sort Area is level__GB5 multOp_45 : 0 1 : 928 1791 : Used 1 time 0
 Sort Area is level__GB5 multOp_47 : 0 0 : 863 1791 : Used 1 time 0
 Sort Area is level__GB5 multOp_47 : 0 1 : 928 1791 : Used 1 time 0
 Sort Area is level__GB5 multOp_49 : 0 0 : 863 1791 : Used 1 time 0
 Sort Area is level__GB5 multOp_49 : 0 1 : 928 1791 : Used 1 time 0
 Sort Area is level__GB5 multOp_4b : 0 0 : 863 1791 : Used 1 time 0
 Sort Area is level__GB5 multOp_4b : 0 1 : 928 1791 : Used 1 time 0
 Sort Area is level__GB5 multOp_4d : 0 0 : 863 1791 : Used 1 time 0
 Sort Area is level__GB5 multOp_4d : 0 1 : 928 1791 : Used 1 time 0
 Sort Area is level__GB5 multOp_4f : 0 0 : 863 1791 : Used 1 time 0
 Sort Area is level__GB5 multOp_4f : 0 1 : 928 1791 : Used 1 time 0
 Sort Area is level__GB0 multOp_5 : 0 0 : 863 1791 : Used 1 time 0
 Sort Area is level__GB0 multOp_5 : 0 1 : 928 1791 : Used 1 time 0
 Sort Area is level__GB5 multOp_51 : 0 0 : 863 1791 : Used 1 time 0
 Sort Area is level__GB5 multOp_51 : 0 1 : 928 1791 : Used 1 time 0
 Sort Area is bat_n_ball__GC0 multOp_53 : 0 0 : 863 1791 : Used 1 time 0
 Sort Area is bat_n_ball__GC0 multOp_53 : 0 1 : 928 1791 : Used 1 time 0
 Sort Area is level__GB0 multOp_7 : 0 0 : 863 1791 : Used 1 time 0
 Sort Area is level__GB0 multOp_7 : 0 1 : 928 1791 : Used 1 time 0
 Sort Area is level__GB0 multOp_9 : 0 0 : 863 1791 : Used 1 time 0
 Sort Area is level__GB0 multOp_9 : 0 1 : 928 1791 : Used 1 time 0
 Sort Area is level__GB0 multOp_b : 0 0 : 863 1791 : Used 1 time 0
 Sort Area is level__GB0 multOp_b : 0 1 : 928 1791 : Used 1 time 0
 Sort Area is level__GB0 multOp_d : 0 0 : 863 1791 : Used 1 time 0
 Sort Area is level__GB0 multOp_d : 0 1 : 928 1791 : Used 1 time 0
 Sort Area is level__GB0 multOp_f : 0 0 : 863 1791 : Used 1 time 0
 Sort Area is level__GB0 multOp_f : 0 1 : 928 1791 : Used 1 time 0
---------------------------------------------------------------------------------
Start ROM, RAM, DSP, Shift Register and Retiming Reporting
---------------------------------------------------------------------------------

DSP: Preliminary Mapping Report (see note below. The ' indicates corresponding REG is set)
+------------+-------------+--------+--------+--------+--------+--------+------+------+------+------+-------+------+------+
|Module Name | DSP Mapping | A Size | B Size | C Size | D Size | P Size | AREG | BREG | CREG | DREG | ADREG | MREG | PREG | 
+------------+-------------+--------+--------+--------+--------+--------+------+------+------+------+-------+------+------+
|power_up    | A*B         | 23     | 18     | -      | -      | 48     | 0    | 0    | -    | -    | -     | 0    | 0    | 
|power_up    | A*B         | 11     | 11     | -      | -      | 22     | 0    | 0    | -    | -    | -     | 0    | 0    | 
|power_up    | PCIN+A*B    | 11     | 11     | -      | -      | 22     | 0    | 0    | -    | -    | -     | 0    | 0    | 
|power_up    | A*B         | 23     | 18     | -      | -      | 48     | 0    | 0    | -    | -    | -     | 0    | 0    | 
|power_up    | A*B         | 11     | 11     | -      | -      | 22     | 0    | 0    | -    | -    | -     | 0    | 0    | 
|power_up    | PCIN+A*B    | 11     | 11     | -      | -      | 22     | 0    | 0    | -    | -    | -     | 0    | 0    | 
|power_up    | A*B         | 23     | 18     | -      | -      | 48     | 0    | 0    | -    | -    | -     | 0    | 0    | 
|power_up    | A*B         | 11     | 11     | -      | -      | 22     | 0    | 0    | -    | -    | -     | 0    | 0    | 
|power_up    | PCIN+A*B    | 11     | 11     | -      | -      | 22     | 0    | 0    | -    | -    | -     | 0    | 0    | 
|power_up    | A*B         | 23     | 18     | -      | -      | 48     | 0    | 0    | -    | -    | -     | 0    | 0    | 
|power_up    | A*B         | 11     | 11     | -      | -      | 22     | 0    | 0    | -    | -    | -     | 0    | 0    | 
|power_up    | PCIN+A*B    | 11     | 11     | -      | -      | 22     | 0    | 0    | -    | -    | -     | 0    | 0    | 
|power_up    | A*B         | 23     | 18     | -      | -      | 48     | 0    | 0    | -    | -    | -     | 0    | 0    | 
|power_up    | A*B         | 11     | 11     | -      | -      | 22     | 0    | 0    | -    | -    | -     | 0    | 0    | 
|power_up    | PCIN+A*B    | 11     | 11     | -      | -      | 22     | 0    | 0    | -    | -    | -     | 0    | 0    | 
|power_up    | A*B         | 23     | 18     | -      | -      | 48     | 0    | 0    | -    | -    | -     | 0    | 0    | 
|power_up    | A*B         | 11     | 11     | -      | -      | 22     | 0    | 0    | -    | -    | -     | 0    | 0    | 
|power_up    | PCIN+A*B    | 11     | 11     | -      | -      | 22     | 0    | 0    | -    | -    | -     | 0    | 0    | 
|power_up    | A*B         | 23     | 18     | -      | -      | 48     | 0    | 0    | -    | -    | -     | 0    | 0    | 
|power_up    | A*B         | 11     | 11     | -      | -      | 22     | 0    | 0    | -    | -    | -     | 0    | 0    | 
|power_up    | PCIN+A*B    | 11     | 11     | -      | -      | 22     | 0    | 0    | -    | -    | -     | 0    | 0    | 
|power_up    | A*B         | 23     | 18     | -      | -      | 48     | 0    | 0    | -    | -    | -     | 0    | 0    | 
|power_up    | A*B         | 11     | 11     | -      | -      | 22     | 0    | 0    | -    | -    | -     | 0    | 0    | 
|power_up    | PCIN+A*B    | 11     | 11     | -      | -      | 22     | 0    | 0    | -    | -    | -     | 0    | 0    | 
|power_up    | A*B         | 23     | 18     | -      | -      | 48     | 0    | 0    | -    | -    | -     | 0    | 0    | 
|power_up    | A*B         | 11     | 11     | -      | -      | 22     | 0    | 0    | -    | -    | -     | 0    | 0    | 
|power_up    | PCIN+A*B    | 11     | 11     | -      | -      | 22     | 0    | 0    | -    | -    | -     | 0    | 0    | 
|power_up    | A*B         | 23     | 18     | -      | -      | 48     | 0    | 0    | -    | -    | -     | 0    | 0    | 
|power_up    | A*B         | 11     | 11     | -      | -      | 22     | 0    | 0    | -    | -    | -     | 0    | 0    | 
|power_up    | PCIN+A*B    | 11     | 11     | -      | -      | 22     | 0    | 0    | -    | -    | -     | 0    | 0    | 
|power_up    | A*B         | 23     | 18     | -      | -      | 48     | 0    | 0    | -    | -    | -     | 0    | 0    | 
|power_up    | A*B         | 11     | 11     | -      | -      | 22     | 0    | 0    | -    | -    | -     | 0    | 0    | 
|power_up    | PCIN+A*B    | 11     | 11     | -      | -      | 22     | 0    | 0    | -    | -    | -     | 0    | 0    | 
|power_up    | A*B         | 23     | 18     | -      | -      | 48     | 0    | 0    | -    | -    | -     | 0    | 0    | 
|power_up    | A*B         | 11     | 11     | -      | -      | 22     | 0    | 0    | -    | -    | -     | 0    | 0    | 
|power_up    | PCIN+A*B    | 11     | 11     | -      | -      | 22     | 0    | 0    | -    | -    | -     | 0    | 0    | 
|power_up    | A*B         | 23     | 18     | -      | -      | 48     | 0    | 0    | -    | -    | -     | 0    | 0    | 
|power_up    | A*B         | 11     | 11     | -      | -      | 22     | 0    | 0    | -    | -    | -     | 0    | 0    | 
|power_up    | PCIN+A*B    | 11     | 11     | -      | -      | 22     | 0    | 0    | -    | -    | -     | 0    | 0    | 
|power_up    | A*B         | 23     | 18     | -      | -      | 48     | 0    | 0    | -    | -    | -     | 0    | 0    | 
|power_up    | A*B         | 11     | 11     | -      | -      | 22     | 0    | 0    | -    | -    | -     | 0    | 0    | 
|power_up    | PCIN+A*B    | 11     | 11     | -      | -      | 22     | 0    | 0    | -    | -    | -     | 0    | 0    | 
|power_up    | A*B         | 23     | 18     | -      | -      | 48     | 0    | 0    | -    | -    | -     | 0    | 0    | 
|power_up    | A*B         | 11     | 11     | -      | -      | 22     | 0    | 0    | -    | -    | -     | 0    | 0    | 
|power_up    | PCIN+A*B    | 11     | 11     | -      | -      | 22     | 0    | 0    | -    | -    | -     | 0    | 0    | 
|power_up    | A*B         | 23     | 18     | -      | -      | 48     | 0    | 0    | -    | -    | -     | 0    | 0    | 
|power_up    | A*B         | 11     | 11     | -      | -      | 22     | 0    | 0    | -    | -    | -     | 0    | 0    | 
|power_up    | PCIN+A*B    | 11     | 11     | -      | -      | 22     | 0    | 0    | -    | -    | -     | 0    | 0    | 
|power_up    | A*B         | 23     | 18     | -      | -      | 48     | 0    | 0    | -    | -    | -     | 0    | 0    | 
|power_up    | A*B         | 11     | 11     | -      | -      | 22     | 0    | 0    | -    | -    | -     | 0    | 0    | 
|power_up    | PCIN+A*B    | 11     | 11     | -      | -      | 22     | 0    | 0    | -    | -    | -     | 0    | 0    | 
|power_up    | A*B         | 23     | 18     | -      | -      | 48     | 0    | 0    | -    | -    | -     | 0    | 0    | 
|power_up    | A*B         | 11     | 11     | -      | -      | 22     | 0    | 0    | -    | -    | -     | 0    | 0    | 
|power_up    | PCIN+A*B    | 11     | 11     | -      | -      | 22     | 0    | 0    | -    | -    | -     | 0    | 0    | 
|power_up    | A*B         | 23     | 18     | -      | -      | 48     | 0    | 0    | -    | -    | -     | 0    | 0    | 
|power_up    | A*B         | 11     | 11     | -      | -      | 22     | 0    | 0    | -    | -    | -     | 0    | 0    | 
|power_up    | PCIN+A*B    | 11     | 11     | -      | -      | 22     | 0    | 0    | -    | -    | -     | 0    | 0    | 
|power_up    | A*B         | 23     | 18     | -      | -      | 48     | 0    | 0    | -    | -    | -     | 0    | 0    | 
|power_up    | A*B         | 11     | 11     | -      | -      | 22     | 0    | 0    | -    | -    | -     | 0    | 0    | 
|power_up    | PCIN+A*B    | 11     | 11     | -      | -      | 22     | 0    | 0    | -    | -    | -     | 0    | 0    | 
|power_up    | A*B         | 23     | 18     | -      | -      | 48     | 0    | 0    | -    | -    | -     | 0    | 0    | 
|power_up    | A*B         | 11     | 11     | -      | -      | 22     | 0    | 0    | -    | -    | -     | 0    | 0    | 
|power_up    | PCIN+A*B    | 11     | 11     | -      | -      | 22     | 0    | 0    | -    | -    | -     | 0    | 0    | 
|power_up    | A*B         | 23     | 18     | -      | -      | 48     | 0    | 0    | -    | -    | -     | 0    | 0    | 
|power_up    | A*B         | 11     | 11     | -      | -      | 22     | 0    | 0    | -    | -    | -     | 0    | 0    | 
|power_up    | PCIN+A*B    | 11     | 11     | -      | -      | 22     | 0    | 0    | -    | -    | -     | 0    | 0    | 
|power_up    | A*B         | 23     | 18     | -      | -      | 48     | 0    | 0    | -    | -    | -     | 0    | 0    | 
|power_up    | A*B         | 11     | 11     | -      | -      | 22     | 0    | 0    | -    | -    | -     | 0    | 0    | 
|power_up    | PCIN+A*B    | 11     | 11     | -      | -      | 22     | 0    | 0    | -    | -    | -     | 0    | 0    | 
|power_up    | A*B         | 23     | 18     | -      | -      | 48     | 0    | 0    | -    | -    | -     | 0    | 0    | 
|power_up    | A*B         | 11     | 11     | -      | -      | 22     | 0    | 0    | -    | -    | -     | 0    | 0    | 
|power_up    | PCIN+A*B    | 11     | 11     | -      | -      | 22     | 0    | 0    | -    | -    | -     | 0    | 0    | 
|power_up    | A*B         | 23     | 18     | -      | -      | 48     | 0    | 0    | -    | -    | -     | 0    | 0    | 
|power_up    | A*B         | 11     | 11     | -      | -      | 22     | 0    | 0    | -    | -    | -     | 0    | 0    | 
|power_up    | PCIN+A*B    | 11     | 11     | -      | -      | 22     | 0    | 0    | -    | -    | -     | 0    | 0    | 
|power_up    | A*B         | 23     | 18     | -      | -      | 48     | 0    | 0    | -    | -    | -     | 0    | 0    | 
|power_up    | A*B         | 11     | 11     | -      | -      | 22     | 0    | 0    | -    | -    | -     | 0    | 0    | 
|power_up    | PCIN+A*B    | 11     | 11     | -      | -      | 22     | 0    | 0    | -    | -    | -     | 0    | 0    | 
|power_up    | A*B         | 23     | 18     | -      | -      | 48     | 0    | 0    | -    | -    | -     | 0    | 0    | 
|power_up    | A*B         | 11     | 11     | -      | -      | 22     | 0    | 0    | -    | -    | -     | 0    | 0    | 
|power_up    | PCIN+A*B    | 11     | 11     | -      | -      | 22     | 0    | 0    | -    | -    | -     | 0    | 0    | 
|power_up    | A*B         | 23     | 18     | -      | -      | 48     | 0    | 0    | -    | -    | -     | 0    | 0    | 
|power_up    | A*B         | 11     | 11     | -      | -      | 22     | 0    | 0    | -    | -    | -     | 0    | 0    | 
|power_up    | PCIN+A*B    | 11     | 11     | -      | -      | 22     | 0    | 0    | -    | -    | -     | 0    | 0    | 
|power_up    | A*B         | 23     | 18     | -      | -      | 48     | 0    | 0    | -    | -    | -     | 0    | 0    | 
|power_up    | A*B         | 11     | 11     | -      | -      | 22     | 0    | 0    | -    | -    | -     | 0    | 0    | 
|power_up    | PCIN+A*B    | 11     | 11     | -      | -      | 22     | 0    | 0    | -    | -    | -     | 0    | 0    | 
|power_up    | A*B         | 23     | 18     | -      | -      | 48     | 0    | 0    | -    | -    | -     | 0    | 0    | 
|power_up    | A*B         | 11     | 11     | -      | -      | 22     | 0    | 0    | -    | -    | -     | 0    | 0    | 
|power_up    | PCIN+A*B    | 11     | 11     | -      | -      | 22     | 0    | 0    | -    | -    | -     | 0    | 0    | 
|power_up    | A*B         | 23     | 18     | -      | -      | 48     | 0    | 0    | -    | -    | -     | 0    | 0    | 
|power_up    | A*B         | 11     | 11     | -      | -      | 22     | 0    | 0    | -    | -    | -     | 0    | 0    | 
|power_up    | PCIN+A*B    | 11     | 11     | -      | -      | 22     | 0    | 0    | -    | -    | -     | 0    | 0    | 
|power_up    | A*B         | 23     | 18     | -      | -      | 48     | 0    | 0    | -    | -    | -     | 0    | 0    | 
|power_up    | A*B         | 11     | 11     | -      | -      | 22     | 0    | 0    | -    | -    | -     | 0    | 0    | 
|power_up    | PCIN+A*B    | 11     | 11     | -      | -      | 22     | 0    | 0    | -    | -    | -     | 0    | 0    | 
|power_up    | A*B         | 23     | 18     | -      | -      | 48     | 0    | 0    | -    | -    | -     | 0    | 0    | 
|power_up    | A*B         | 11     | 11     | -      | -      | 22     | 0    | 0    | -    | -    | -     | 0    | 0    | 
|power_up    | PCIN+A*B    | 11     | 11     | -      | -      | 22     | 0    | 0    | -    | -    | -     | 0    | 0    | 
|power_up    | A*B         | 23     | 18     | -      | -      | 48     | 0    | 0    | -    | -    | -     | 0    | 0    | 
|power_up    | A*B         | 11     | 11     | -      | -      | 22     | 0    | 0    | -    | -    | -     | 0    | 0    | 
|power_up    | PCIN+A*B    | 11     | 11     | -      | -      | 22     | 0    | 0    | -    | -    | -     | 0    | 0    | 
|power_up    | A*B         | 23     | 18     | -      | -      | 48     | 0    | 0    | -    | -    | -     | 0    | 0    | 
|power_up    | A*B         | 11     | 11     | -      | -      | 22     | 0    | 0    | -    | -    | -     | 0    | 0    | 
|power_up    | PCIN+A*B    | 11     | 11     | -      | -      | 22     | 0    | 0    | -    | -    | -     | 0    | 0    | 
|power_up    | A*B         | 23     | 18     | -      | -      | 48     | 0    | 0    | -    | -    | -     | 0    | 0    | 
|power_up    | A*B         | 11     | 11     | -      | -      | 22     | 0    | 0    | -    | -    | -     | 0    | 0    | 
|power_up    | PCIN+A*B    | 11     | 11     | -      | -      | 22     | 0    | 0    | -    | -    | -     | 0    | 0    | 
|power_up    | A*B         | 23     | 18     | -      | -      | 48     | 0    | 0    | -    | -    | -     | 0    | 0    | 
|power_up    | A*B         | 11     | 11     | -      | -      | 22     | 0    | 0    | -    | -    | -     | 0    | 0    | 
|power_up    | PCIN+A*B    | 11     | 11     | -      | -      | 22     | 0    | 0    | -    | -    | -     | 0    | 0    | 
|power_up    | A*B         | 23     | 18     | -      | -      | 48     | 0    | 0    | -    | -    | -     | 0    | 0    | 
|power_up    | A*B         | 11     | 11     | -      | -      | 22     | 0    | 0    | -    | -    | -     | 0    | 0    | 
|power_up    | PCIN+A*B    | 11     | 11     | -      | -      | 22     | 0    | 0    | -    | -    | -     | 0    | 0    | 
|power_up    | A*B         | 23     | 18     | -      | -      | 48     | 0    | 0    | -    | -    | -     | 0    | 0    | 
|power_up    | A*B         | 11     | 11     | -      | -      | 22     | 0    | 0    | -    | -    | -     | 0    | 0    | 
|power_up    | PCIN+A*B    | 11     | 11     | -      | -      | 22     | 0    | 0    | -    | -    | -     | 0    | 0    | 
|power_up    | A*B         | 23     | 18     | -      | -      | 48     | 0    | 0    | -    | -    | -     | 0    | 0    | 
|power_up    | A*B         | 11     | 11     | -      | -      | 22     | 0    | 0    | -    | -    | -     | 0    | 0    | 
|power_up    | PCIN+A*B    | 11     | 11     | -      | -      | 22     | 0    | 0    | -    | -    | -     | 0    | 0    | 
|bat_n_ball  | A*B         | 11     | 11     | -      | -      | 22     | 0    | 0    | -    | -    | -     | 0    | 0    | 
|bat_n_ball  | PCIN+A*B    | 11     | 11     | -      | -      | 22     | 0    | 0    | -    | -    | -     | 0    | 0    | 
+------------+-------------+--------+--------+--------+--------+--------+------+------+------+------+-------+------+------+

Note: The table above is a preliminary report that shows the DSPs inferred at the current stage of the synthesis flow. Some DSP may be reimplemented as non DSP primitives later in the synthesis flow. Multiple instantiated DSPs are reported only once.
---------------------------------------------------------------------------------
Finished ROM, RAM, DSP, Shift Register and Retiming Reporting
---------------------------------------------------------------------------------
---------------------------------------------------------------------------------
Start Applying XDC Timing Constraints
---------------------------------------------------------------------------------
---------------------------------------------------------------------------------
Finished Applying XDC Timing Constraints : Time (s): cpu = 00:01:00 ; elapsed = 00:01:25 . Memory (MB): peak = 1485.434 ; gain = 613.297
---------------------------------------------------------------------------------
---------------------------------------------------------------------------------
Start Timing Optimization
---------------------------------------------------------------------------------
---------------------------------------------------------------------------------
Finished Timing Optimization : Time (s): cpu = 00:01:09 ; elapsed = 00:01:36 . Memory (MB): peak = 1565.680 ; gain = 693.543
---------------------------------------------------------------------------------
---------------------------------------------------------------------------------
Start Technology Mapping
---------------------------------------------------------------------------------
---------------------------------------------------------------------------------
Finished Technology Mapping : Time (s): cpu = 00:01:15 ; elapsed = 00:01:44 . Memory (MB): peak = 1569.055 ; gain = 696.918
---------------------------------------------------------------------------------
---------------------------------------------------------------------------------
Start IO Insertion
---------------------------------------------------------------------------------
---------------------------------------------------------------------------------
Start Flattening Before IO Insertion
---------------------------------------------------------------------------------
---------------------------------------------------------------------------------
Finished Flattening Before IO Insertion
---------------------------------------------------------------------------------
---------------------------------------------------------------------------------
Start Final Netlist Cleanup
---------------------------------------------------------------------------------
---------------------------------------------------------------------------------
Finished Final Netlist Cleanup
---------------------------------------------------------------------------------
---------------------------------------------------------------------------------
Finished IO Insertion : Time (s): cpu = 00:01:22 ; elapsed = 00:01:53 . Memory (MB): peak = 1581.914 ; gain = 709.777
---------------------------------------------------------------------------------
---------------------------------------------------------------------------------
Start Renaming Generated Instances
---------------------------------------------------------------------------------
---------------------------------------------------------------------------------
Finished Renaming Generated Instances : Time (s): cpu = 00:01:22 ; elapsed = 00:01:53 . Memory (MB): peak = 1581.914 ; gain = 709.777
---------------------------------------------------------------------------------
---------------------------------------------------------------------------------
Start Rebuilding User Hierarchy
---------------------------------------------------------------------------------
---------------------------------------------------------------------------------
Finished Rebuilding User Hierarchy : Time (s): cpu = 00:01:23 ; elapsed = 00:01:54 . Memory (MB): peak = 1581.914 ; gain = 709.777
---------------------------------------------------------------------------------
---------------------------------------------------------------------------------
Start Renaming Generated Ports
---------------------------------------------------------------------------------
---------------------------------------------------------------------------------
Finished Renaming Generated Ports : Time (s): cpu = 00:01:23 ; elapsed = 00:01:54 . Memory (MB): peak = 1581.914 ; gain = 709.777
---------------------------------------------------------------------------------
---------------------------------------------------------------------------------
Start Handling Custom Attributes
---------------------------------------------------------------------------------
---------------------------------------------------------------------------------
Finished Handling Custom Attributes : Time (s): cpu = 00:01:23 ; elapsed = 00:01:54 . Memory (MB): peak = 1581.914 ; gain = 709.777
---------------------------------------------------------------------------------
---------------------------------------------------------------------------------
Start Renaming Generated Nets
---------------------------------------------------------------------------------
---------------------------------------------------------------------------------
Finished Renaming Generated Nets : Time (s): cpu = 00:01:23 ; elapsed = 00:01:55 . Memory (MB): peak = 1581.914 ; gain = 709.777
---------------------------------------------------------------------------------
---------------------------------------------------------------------------------
Start Writing Synthesis Report
---------------------------------------------------------------------------------

DSP Final Report (the ' indicates corresponding REG is set)
+------------+-------------+--------+--------+--------+--------+--------+------+------+------+------+-------+------+------+
|Module Name | DSP Mapping | A Size | B Size | C Size | D Size | P Size | AREG | BREG | CREG | DREG | ADREG | MREG | PREG | 
+------------+-------------+--------+--------+--------+--------+--------+------+------+------+------+-------+------+------+
|bat_n_ball  | A*B         | 11     | 11     | -      | -      | 22     | 0    | 0    | -    | -    | -     | 0    | 0    | 
|bat_n_ball  | PCIN+A*B    | 11     | 11     | -      | -      | 22     | 0    | 0    | -    | -    | -     | 0    | 0    | 
|power_up    | A*B         | 4      | 4      | -      | -      | 48     | 0    | 0    | -    | -    | -     | 0    | 0    | 
|power_up    | A*B         | 11     | 11     | -      | -      | 22     | 0    | 0    | -    | -    | -     | 0    | 0    | 
|power_up    | PCIN+A*B    | 11     | 11     | -      | -      | 22     | 0    | 0    | -    | -    | -     | 0    | 0    | 
|power_up    | A*B         | 4      | 4      | -      | -      | 48     | 0    | 0    | -    | -    | -     | 0    | 0    | 
|power_up    | A*B         | 11     | 11     | -      | -      | 22     | 0    | 0    | -    | -    | -     | 0    | 0    | 
|power_up    | PCIN+A*B    | 11     | 11     | -      | -      | 22     | 0    | 0    | -    | -    | -     | 0    | 0    | 
|power_up    | A*B         | 4      | 4      | -      | -      | 48     | 0    | 0    | -    | -    | -     | 0    | 0    | 
|power_up    | A*B         | 11     | 11     | -      | -      | 22     | 0    | 0    | -    | -    | -     | 0    | 0    | 
|power_up    | PCIN+A*B    | 11     | 11     | -      | -      | 22     | 0    | 0    | -    | -    | -     | 0    | 0    | 
|power_up    | A*B         | 4      | 4      | -      | -      | 48     | 0    | 0    | -    | -    | -     | 0    | 0    | 
|power_up    | A*B         | 11     | 11     | -      | -      | 22     | 0    | 0    | -    | -    | -     | 0    | 0    | 
|power_up    | PCIN+A*B    | 11     | 11     | -      | -      | 22     | 0    | 0    | -    | -    | -     | 0    | 0    | 
|power_up    | A*B         | 4      | 4      | -      | -      | 48     | 0    | 0    | -    | -    | -     | 0    | 0    | 
|power_up    | A*B         | 11     | 11     | -      | -      | 22     | 0    | 0    | -    | -    | -     | 0    | 0    | 
|power_up    | PCIN+A*B    | 11     | 11     | -      | -      | 22     | 0    | 0    | -    | -    | -     | 0    | 0    | 
|power_up    | A*B         | 4      | 4      | -      | -      | 48     | 0    | 0    | -    | -    | -     | 0    | 0    | 
|power_up    | A*B         | 11     | 11     | -      | -      | 22     | 0    | 0    | -    | -    | -     | 0    | 0    | 
|power_up    | PCIN+A*B    | 11     | 11     | -      | -      | 22     | 0    | 0    | -    | -    | -     | 0    | 0    | 
|power_up    | A*B         | 4      | 4      | -      | -      | 48     | 0    | 0    | -    | -    | -     | 0    | 0    | 
|power_up    | A*B         | 11     | 11     | -      | -      | 22     | 0    | 0    | -    | -    | -     | 0    | 0    | 
|power_up    | PCIN+A*B    | 11     | 11     | -      | -      | 22     | 0    | 0    | -    | -    | -     | 0    | 0    | 
|power_up    | A*B         | 4      | 4      | -      | -      | 48     | 0    | 0    | -    | -    | -     | 0    | 0    | 
|power_up    | A*B         | 11     | 11     | -      | -      | 22     | 0    | 0    | -    | -    | -     | 0    | 0    | 
|power_up    | PCIN+A*B    | 11     | 11     | -      | -      | 22     | 0    | 0    | -    | -    | -     | 0    | 0    | 
|power_up    | A*B         | 4      | 4      | -      | -      | 48     | 0    | 0    | -    | -    | -     | 0    | 0    | 
|power_up    | A*B         | 11     | 11     | -      | -      | 22     | 0    | 0    | -    | -    | -     | 0    | 0    | 
|power_up    | PCIN+A*B    | 11     | 11     | -      | -      | 22     | 0    | 0    | -    | -    | -     | 0    | 0    | 
|power_up    | A*B         | 4      | 4      | -      | -      | 48     | 0    | 0    | -    | -    | -     | 0    | 0    | 
|power_up    | A*B         | 11     | 11     | -      | -      | 22     | 0    | 0    | -    | -    | -     | 0    | 0    | 
|power_up    | PCIN+A*B    | 11     | 11     | -      | -      | 22     | 0    | 0    | -    | -    | -     | 0    | 0    | 
|power_up    | A*B         | 4      | 4      | -      | -      | 48     | 0    | 0    | -    | -    | -     | 0    | 0    | 
|power_up    | A*B         | 11     | 11     | -      | -      | 22     | 0    | 0    | -    | -    | -     | 0    | 0    | 
|power_up    | PCIN+A*B    | 11     | 11     | -      | -      | 22     | 0    | 0    | -    | -    | -     | 0    | 0    | 
|power_up    | A*B         | 4      | 4      | -      | -      | 48     | 0    | 0    | -    | -    | -     | 0    | 0    | 
|power_up    | A*B         | 11     | 11     | -      | -      | 22     | 0    | 0    | -    | -    | -     | 0    | 0    | 
|power_up    | PCIN+A*B    | 11     | 11     | -      | -      | 22     | 0    | 0    | -    | -    | -     | 0    | 0    | 
|power_up    | A*B         | 4      | 4      | -      | -      | 48     | 0    | 0    | -    | -    | -     | 0    | 0    | 
|power_up    | A*B         | 11     | 11     | -      | -      | 22     | 0    | 0    | -    | -    | -     | 0    | 0    | 
|power_up    | PCIN+A*B    | 11     | 11     | -      | -      | 22     | 0    | 0    | -    | -    | -     | 0    | 0    | 
|power_up    | A*B         | 4      | 4      | -      | -      | 48     | 0    | 0    | -    | -    | -     | 0    | 0    | 
|power_up    | A*B         | 11     | 11     | -      | -      | 22     | 0    | 0    | -    | -    | -     | 0    | 0    | 
|power_up    | PCIN+A*B    | 11     | 11     | -      | -      | 22     | 0    | 0    | -    | -    | -     | 0    | 0    | 
|power_up    | A*B         | 4      | 4      | -      | -      | 48     | 0    | 0    | -    | -    | -     | 0    | 0    | 
|power_up    | A*B         | 11     | 11     | -      | -      | 22     | 0    | 0    | -    | -    | -     | 0    | 0    | 
|power_up    | PCIN+A*B    | 11     | 11     | -      | -      | 22     | 0    | 0    | -    | -    | -     | 0    | 0    | 
|power_up    | A*B         | 4      | 4      | -      | -      | 48     | 0    | 0    | -    | -    | -     | 0    | 0    | 
|power_up    | A*B         | 11     | 11     | -      | -      | 22     | 0    | 0    | -    | -    | -     | 0    | 0    | 
|power_up    | PCIN+A*B    | 11     | 11     | -      | -      | 22     | 0    | 0    | -    | -    | -     | 0    | 0    | 
|power_up    | A*B         | 4      | 4      | -      | -      | 48     | 0    | 0    | -    | -    | -     | 0    | 0    | 
|power_up    | A*B         | 11     | 11     | -      | -      | 22     | 0    | 0    | -    | -    | -     | 0    | 0    | 
|power_up    | PCIN+A*B    | 11     | 11     | -      | -      | 22     | 0    | 0    | -    | -    | -     | 0    | 0    | 
|power_up    | A*B         | 4      | 4      | -      | -      | 48     | 0    | 0    | -    | -    | -     | 0    | 0    | 
|power_up    | A*B         | 11     | 11     | -      | -      | 22     | 0    | 0    | -    | -    | -     | 0    | 0    | 
|power_up    | PCIN+A*B    | 11     | 11     | -      | -      | 22     | 0    | 0    | -    | -    | -     | 0    | 0    | 
|power_up    | A*B         | 4      | 4      | -      | -      | 48     | 0    | 0    | -    | -    | -     | 0    | 0    | 
|power_up    | A*B         | 11     | 11     | -      | -      | 22     | 0    | 0    | -    | -    | -     | 0    | 0    | 
|power_up    | PCIN+A*B    | 11     | 11     | -      | -      | 22     | 0    | 0    | -    | -    | -     | 0    | 0    | 
|power_up    | A*B         | 4      | 4      | -      | -      | 48     | 0    | 0    | -    | -    | -     | 0    | 0    | 
|power_up    | A*B         | 11     | 11     | -      | -      | 22     | 0    | 0    | -    | -    | -     | 0    | 0    | 
|power_up    | PCIN+A*B    | 11     | 11     | -      | -      | 22     | 0    | 0    | -    | -    | -     | 0    | 0    | 
+------------+-------------+--------+--------+--------+--------+--------+------+------+------+------+-------+------+------+


Report BlackBoxes: 
+-+--------------+----------+
| |BlackBox name |Instances |
+-+--------------+----------+
+-+--------------+----------+

Report Cell Usage: 
+------+-----------+------+
|      |Cell       |Count |
+------+-----------+------+
|1     |BUFG       |     4|
|2     |CARRY4     |   621|
|3     |DSP48E1    |    62|
|4     |LUT1       |   700|
|5     |LUT2       |  1242|
|6     |LUT3       |   536|
|7     |LUT4       |   951|
|8     |LUT5       |   412|
|9     |LUT6       |   672|
|10    |MMCME2_ADV |     1|
|11    |FDRE       |   547|
|12    |FDSE       |    49|
|13    |IBUF       |     4|
|14    |OBUF       |    29|
+------+-----------+------+
---------------------------------------------------------------------------------
Finished Writing Synthesis Report : Time (s): cpu = 00:01:23 ; elapsed = 00:01:55 . Memory (MB): peak = 1581.914 ; gain = 709.777
---------------------------------------------------------------------------------
Synthesis finished with 0 errors, 0 critical warnings and 1 warnings.
Synthesis Optimization Runtime : Time (s): cpu = 00:01:11 ; elapsed = 00:01:48 . Memory (MB): peak = 1581.914 ; gain = 664.109
Synthesis Optimization Complete : Time (s): cpu = 00:01:24 ; elapsed = 00:01:55 . Memory (MB): peak = 1581.914 ; gain = 709.777
INFO: [Project 1-571] Translating synthesized netlist
Netlist sorting complete. Time (s): cpu = 00:00:01 ; elapsed = 00:00:00.154 . Memory (MB): peak = 1581.914 ; gain = 0.000
INFO: [Netlist 29-17] Analyzing 684 Unisim elements for replacement
INFO: [Netlist 29-28] Unisim Transformation completed in 0 CPU seconds
INFO: [Project 1-570] Preparing netlist for logic optimization
INFO: [Opt 31-138] Pushed 0 inverter(s) to 0 load pin(s).
Netlist sorting complete. Time (s): cpu = 00:00:00 ; elapsed = 00:00:00.003 . Memory (MB): peak = 1597.625 ; gain = 0.000
INFO: [Project 1-111] Unisim Transformation Summary:
No Unisim elements were transformed.

The system cannot find the path specified.
Synth Design complete | Checksum: db2b1ad0
INFO: [Common 17-83] Releasing license: Synthesis
86 Infos, 21 Warnings, 0 Critical Warnings and 0 Errors encountered.
synth_design completed successfully
synth_design: Time (s): cpu = 00:01:30 ; elapsed = 00:02:25 . Memory (MB): peak = 1597.625 ; gain = 1135.211
Write ShapeDB Complete: Time (s): cpu = 00:00:00 ; elapsed = 00:00:00.054 . Memory (MB): peak = 1597.625 ; gain = 0.000
INFO: [Common 17-1381] The checkpoint 'C:/Users/joeys/Atari_Breakout/Atari_Breakout.runs/synth_1/pong.dcp' has been generated.
INFO: [runtcl-4] Executing : report_utilization -file pong_utilization_synth.rpt -pb pong_utilization_synth.pb
INFO: [Common 17-206] Exiting Vivado at Thu May  9 16:59:13 2024...
