Copyright 1986-2022 Xilinx, Inc. All Rights Reserved. Copyright 2022-2023 Advanced Micro Devices, Inc. All Rights Reserved.
---------------------------------------------------------------------------------------------------------------------------------------------
| Tool Version : Vivado v.2023.2 (win64) Build 4029153 Fri Oct 13 20:14:34 MDT 2023
| Date         : Mon May  6 15:35:31 2024
| Host         : LAPTOP-63D4JAUF running 64-bit major release  (build 9200)
| Command      : report_control_sets -verbose -file pong_control_sets_placed.rpt
| Design       : pong
| Device       : xc7a100t
---------------------------------------------------------------------------------------------------------------------------------------------

Control Set Information

Table of Contents
-----------------
1. Summary
2. Histogram
3. Flip-Flop Distribution
4. Detailed Control Set Information

1. Summary
----------

+----------------------------------------------------------+-------+
|                          Status                          | Count |
+----------------------------------------------------------+-------+
| Total control sets                                       |    12 |
|    Minimum number of control sets                        |    12 |
|    Addition due to synthesis replication                 |     0 |
|    Addition due to physical synthesis replication        |     0 |
| Unused register locations in slices containing registers |    50 |
+----------------------------------------------------------+-------+
* Control sets can be merged at opt_design using control_set_merge or merge_equivalent_drivers
** Run report_qor_suggestions for automated merging and remapping suggestions


2. Histogram
------------

+--------------------+-------+
|       Fanout       | Count |
+--------------------+-------+
| Total control sets |    12 |
| >= 0 to < 4        |     2 |
| >= 4 to < 6        |     3 |
| >= 6 to < 8        |     1 |
| >= 8 to < 10       |     0 |
| >= 10 to < 12      |     4 |
| >= 12 to < 14      |     0 |
| >= 14 to < 16      |     0 |
| >= 16              |     2 |
+--------------------+-------+
* Control sets can be remapped at either synth_design or opt_design


3. Flip-Flop Distribution
-------------------------

+--------------+-----------------------+------------------------+-----------------+--------------+
| Clock Enable | Synchronous Set/Reset | Asynchronous Set/Reset | Total Registers | Total Slices |
+--------------+-----------------------+------------------------+-----------------+--------------+
| No           | No                    | No                     |              50 |           17 |
| No           | No                    | Yes                    |               0 |            0 |
| No           | Yes                   | No                     |              38 |           18 |
| Yes          | No                    | No                     |              12 |            7 |
| Yes          | No                    | Yes                    |               0 |            0 |
| Yes          | Yes                   | No                     |              10 |            3 |
+--------------+-----------------------+------------------------+-----------------+--------------+


4. Detailed Control Set Information
-----------------------------------

+-----------------------------+--------------------+-------------------------------+------------------+----------------+--------------+
|         Clock Signal        |    Enable Signal   |        Set/Reset Signal       | Slice Load Count | Bel Load Count | Bels / Slice |
+-----------------------------+--------------------+-------------------------------+------------------+----------------+--------------+
|  clk_wiz_0_inst/U0/clk_out1 |                    | vga_driver/hsync0             |                1 |              1 |         1.00 |
|  clk_wiz_0_inst/U0/clk_out1 | vga_driver/eqOp    |                               |                1 |              1 |         1.00 |
|  vga_driver/VGA_vsync_OBUF  |                    |                               |                2 |              5 |         2.50 |
|  vga_driver/VGA_vsync_OBUF  |                    | add_bb/ball_y0                |                1 |              5 |         5.00 |
|  vga_driver/VGA_vsync_OBUF  |                    | add_bb/ball_y[10]_i_1_n_0     |                4 |              5 |         1.25 |
|  clk_wiz_0_inst/U0/clk_out1 |                    | vga_driver/red_out[3]_i_1_n_0 |                4 |              6 |         1.50 |
|  clk_wiz_0_inst/U0/clk_out1 | vga_driver/eqOp    | vga_driver/v_cnt0             |                3 |             10 |         3.33 |
|  vga_driver/VGA_vsync_OBUF  |                    | add_bb/ball_x_reg[10]_i_1_n_6 |                4 |             10 |         2.50 |
|  clk_in_IBUF_BUFG           | batpos[10]_i_1_n_0 |                               |                6 |             11 |         1.83 |
|  clk_wiz_0_inst/U0/clk_out1 |                    | vga_driver/clear              |                4 |             11 |         2.75 |
|  clk_in_IBUF_BUFG           |                    |                               |                6 |             21 |         3.50 |
|  clk_wiz_0_inst/U0/clk_out1 |                    |                               |                9 |             24 |         2.67 |
+-----------------------------+--------------------+-------------------------------+------------------+----------------+--------------+


